<?xml version="1.0" encoding="UTF-8" ?>
<testsuite failures="128" time="83.674" errors="0" skipped="0" tests="128" name="TestSuite">
  <properties>
[...]
</properties>
  <testcase time="79.782" classname="com.mls.pay.access.testcase.NormalOrder_bak" name="normalorder">
    <failure type="java.lang.ExceptionInInitializerError">java.lang.ExceptionInInitializerError
	at com.mls.pay.access.common.CommonTest_bak.&lt;clinit&gt;(CommonTest_bak.java:21)
	at com.mls.pay.access.testcase.NormalOrder_bak.normalorder(NormalOrder_bak.java:61)
Caused by: java.lang.NullPointerException
	at com.mls.pay.access.common.CheckData.check_userAccount(CheckData.java:398)
	at com.mls.pay.access.common.CommonMethod.&lt;clinit&gt;(CommonMethod.java:115)
	... 38 more
</failure>
    <system-out>@HL
@HL-------------------------------------------------------
@HL T E S T S
@HL-------------------------------------------------------
@SLRunning TestSuite
methodname= normalorder
[yicheng.qalab]
[http://mpay.yicheng.qalab.meilishuo.com/payaccess/generatepayinfo, orderno&amp;merchantcode&amp;paytype&amp;usedamount&amp;payamount&amp;pmcode&amp;bankcode&amp;source&amp;version, http://mpay.yicheng.qalab.meilishuo.com/payaccess/order/pay, http://mpay.yicheng.qalab.meilishuo.com/payaccess/getchannellist, biztype&amp;merchantcode&amp;orderno&amp;source&amp;transtype&amp;version, http://mpay.yicheng.qalab.meilishuo.com/DanbaoCancel.do?, http://mpay.yicheng.qalab.meilishuo.com/DanbaoConfirm.do?, http://mpay.yicheng.qalab.meilishuo.com/RefundOrder.do?]
ok
hessian配置===========http://account-web.yicheng.qalab.meilishuo.com/hessian/syncKeepAccountBusinessFacade
</system-out>
    <system-err>log4j:WARN No appenders could be found for logger (org.springframework.core.env.StandardEnvironment).
log4j:WARN Please initialize the log4j system properly.
Warning:  Property storage name for 5 is empty - setting to Root Entry
com.mysql.jdbc.exceptions.jdbc4.CommunicationsException: Communications link failure

The last packet sent successfully to the server was 0 milliseconds ago. The driver has not received any packets from the server.
	at sun.reflect.NativeConstructorAccessorImpl.newInstance0(Native Method)
	at sun.reflect.NativeConstructorAccessorImpl.newInstance(NativeConstructorAccessorImpl.java:57)
	at sun.reflect.DelegatingConstructorAccessorImpl.newInstance(DelegatingConstructorAccessorImpl.java:45)
	at java.lang.reflect.Constructor.newInstance(Constructor.java:526)
	at com.mysql.jdbc.Util.handleNewInstance(Util.java:411)
	at com.mysql.jdbc.SQLError.createCommunicationsException(SQLError.java:1116)
	at com.mysql.jdbc.MysqlIO.&lt;init&gt;(MysqlIO.java:344)
	at com.mysql.jdbc.ConnectionImpl.coreConnect(ConnectionImpl.java:2332)
	at com.mysql.jdbc.ConnectionImpl.connectOneTryOnly(ConnectionImpl.java:2369)
	at com.mysql.jdbc.ConnectionImpl.createNewIO(ConnectionImpl.java:2153)
	at com.mysql.jdbc.ConnectionImpl.&lt;init&gt;(ConnectionImpl.java:792)
	at com.mysql.jdbc.JDBC4Connection.&lt;init&gt;(JDBC4Connection.java:47)
	at sun.reflect.NativeConstructorAccessorImpl.newInstance0(Native Method)
	at sun.reflect.NativeConstructorAccessorImpl.newInstance(NativeConstructorAccessorImpl.java:57)
	at sun.reflect.DelegatingConstructorAccessorImpl.newInstance(DelegatingConstructorAccessorImpl.java:45)
	at java.lang.reflect.Constructor.newInstance(Constructor.java:526)
	at com.mysql.jdbc.Util.handleNewInstance(Util.java:411)
	at com.mysql.jdbc.ConnectionImpl.getInstance(ConnectionImpl.java:381)
	at com.mysql.jdbc.NonRegisteringDriver.connect(NonRegisteringDriver.java:305)
	at java.sql.DriverManager.getConnection(DriverManager.java:571)
	at java.sql.DriverManager.getConnection(DriverManager.java:215)
	at com.mls.pay.access.common.ConnectDB.getConn(ConnectDB.java:129)
	at com.mls.pay.access.common.CheckData.check_userAccount(CheckData.java:397)
	at com.mls.pay.access.common.CommonMethod.&lt;clinit&gt;(CommonMethod.java:115)
	at com.mls.pay.access.common.CommonTest_bak.&lt;clinit&gt;(CommonTest_bak.java:21)
	at com.mls.pay.access.testcase.NormalOrder_bak.normalorder(NormalOrder_bak.java:61)
	at sun.reflect.NativeMethodAccessorImpl.invoke0(Native Method)
	at sun.reflect.NativeMethodAccessorImpl.invoke(NativeMethodAccessorImpl.java:57)
	at sun.reflect.DelegatingMethodAccessorImpl.invoke(DelegatingMethodAccessorImpl.java:43)
	at java.lang.reflect.Method.invoke(Method.java:606)
	at org.testng.internal.MethodInvocationHelper.invokeMethod(MethodInvocationHelper.java:85)
	at org.testng.internal.MethodInvocationHelper$1.runTestMethod(MethodInvocationHelper.java:200)
	at org.springframework.test.context.testng.AbstractTestNGSpringContextTests.run(AbstractTestNGSpringContextTests.java:158)
	at org.testng.internal.MethodInvocationHelper.invokeHookable(MethodInvocationHelper.java:212)
	at org.testng.internal.Invoker.invokeMethod(Invoker.java:652)
	at org.testng.internal.Invoker.invokeTestMethod(Invoker.java:845)
	at org.testng.internal.Invoker.invokeTestMethods(Invoker.java:1153)
	at org.testng.internal.TestMethodWorker.invokeTestMethods(TestMethodWorker.java:125)
	at org.testng.internal.TestMethodWorker.run(TestMethodWorker.java:108)
	at org.testng.TestRunner.privateRun(TestRunner.java:771)
	at org.testng.TestRunner.run(TestRunner.java:621)
	at org.testng.SuiteRunner.runTest(SuiteRunner.java:357)
	at org.testng.SuiteRunner.runSequentially(SuiteRunner.java:352)
	at org.testng.SuiteRunner.privateRun(SuiteRunner.java:310)
	at org.testng.SuiteRunner.run(SuiteRunner.java:259)
	at org.testng.SuiteRunnerWorker.runSuite(SuiteRunnerWorker.java:52)
	at org.testng.SuiteRunnerWorker.run(SuiteRunnerWorker.java:86)
	at org.testng.TestNG.runSuitesSequentially(TestNG.java:1199)
	at org.testng.TestNG.runSuitesLocally(TestNG.java:1124)
	at org.testng.TestNG.run(TestNG.java:1032)
	at org.apache.maven.surefire.testng.TestNGExecutor.run(TestNGExecutor.java:74)
	at org.apache.maven.surefire.testng.TestNGXmlTestSuite.execute(TestNGXmlTestSuite.java:93)
	at org.apache.maven.surefire.testng.TestNGProvider.invoke(TestNGProvider.java:101)
	at sun.reflect.NativeMethodAccessorImpl.invoke0(Native Method)
	at sun.reflect.NativeMethodAccessorImpl.invoke(NativeMethodAccessorImpl.java:57)
	at sun.reflect.DelegatingMethodAccessorImpl.invoke(DelegatingMethodAccessorImpl.java:43)
	at java.lang.reflect.Method.invoke(Method.java:606)
	at org.apache.maven.surefire.booter.ProviderFactory$ClassLoaderProxy.invoke(ProviderFactory.java:103)
	at com.sun.proxy.$Proxy0.invoke(Unknown Source)
	at org.apache.maven.surefire.booter.SurefireStarter.invokeProvider(SurefireStarter.java:145)
	at org.apache.maven.surefire.booter.SurefireStarter.runSuitesInProcess(SurefireStarter.java:87)
	at org.apache.maven.surefire.booter.ForkedBooter.main(ForkedBooter.java:69)
Caused by: java.net.ConnectException: Operation timed out
	at java.net.PlainSocketImpl.socketConnect(Native Method)
	at java.net.AbstractPlainSocketImpl.doConnect(AbstractPlainSocketImpl.java:339)
	at java.net.AbstractPlainSocketImpl.connectToAddress(AbstractPlainSocketImpl.java:200)
	at java.net.AbstractPlainSocketImpl.connect(AbstractPlainSocketImpl.java:182)
	at java.net.SocksSocketImpl.connect(SocksSocketImpl.java:392)
	at java.net.Socket.connect(Socket.java:579)
	at java.net.Socket.connect(Socket.java:528)
	at java.net.Socket.&lt;init&gt;(Socket.java:425)
	at java.net.Socket.&lt;init&gt;(Socket.java:241)
	at com.mysql.jdbc.StandardSocketFactory.connect(StandardSocketFactory.java:257)
	at com.mysql.jdbc.MysqlIO.&lt;init&gt;(MysqlIO.java:294)
	... 55 more
</system-err>
  </testcase>
  <testcase time="0.001" classname="com.mls.pay.access.testcase.NormalOrder_bak" name="normalorder">
    <failure message="Could not initialize class com.mls.pay.access.common.CommonTest_bak" type="java.lang.NoClassDefFoundError">java.lang.NoClassDefFoundError: Could not initialize class com.mls.pay.access.common.CommonTest_bak
	at com.mls.pay.access.testcase.NormalOrder_bak.normalorder(NormalOrder_bak.java:61)
</failure>
  </testcase>
  <testcase time="0.001" classname="com.mls.pay.access.testcase.NormalOrder_bak" name="normalorder">
    <failure message="Could not initialize class com.mls.pay.access.common.CommonTest_bak" type="java.lang.NoClassDefFoundError">java.lang.NoClassDefFoundError: Could not initialize class com.mls.pay.access.common.CommonTest_bak
	at com.mls.pay.access.testcase.NormalOrder_bak.normalorder(NormalOrder_bak.java:61)
</failure>
  </testcase>
  <testcase time="0.001" classname="com.mls.pay.access.testcase.NormalOrder_bak" name="normalorder">
    <failure message="Could not initialize class com.mls.pay.access.common.CommonTest_bak" type="java.lang.NoClassDefFoundError">java.lang.NoClassDefFoundError: Could not initialize class com.mls.pay.access.common.CommonTest_bak
	at com.mls.pay.access.testcase.NormalOrder_bak.normalorder(NormalOrder_bak.java:61)
</failure>
  </testcase>
  <testcase time="0.001" classname="com.mls.pay.access.testcase.NormalOrder_bak" name="normalorder">
    <failure message="Could not initialize class com.mls.pay.access.common.CommonTest_bak" type="java.lang.NoClassDefFoundError">java.lang.NoClassDefFoundError: Could not initialize class com.mls.pay.access.common.CommonTest_bak
	at com.mls.pay.access.testcase.NormalOrder_bak.normalorder(NormalOrder_bak.java:61)
</failure>
  </testcase>
  <testcase time="0.003" classname="com.mls.pay.access.testcase.NormalOrder_bak" name="normalorder">
    <failure message="Could not initialize class com.mls.pay.access.common.CommonTest_bak" type="java.lang.NoClassDefFoundError">java.lang.NoClassDefFoundError: Could not initialize class com.mls.pay.access.common.CommonTest_bak
	at com.mls.pay.access.testcase.NormalOrder_bak.normalorder(NormalOrder_bak.java:61)
</failure>
  </testcase>
  <testcase time="0.002" classname="com.mls.pay.access.testcase.NormalOrder_bak" name="normalorder">
    <failure message="Could not initialize class com.mls.pay.access.common.CommonTest_bak" type="java.lang.NoClassDefFoundError">java.lang.NoClassDefFoundError: Could not initialize class com.mls.pay.access.common.CommonTest_bak
	at com.mls.pay.access.testcase.NormalOrder_bak.normalorder(NormalOrder_bak.java:61)
</failure>
  </testcase>
  <testcase time="0.001" classname="com.mls.pay.access.testcase.NormalOrder_bak" name="normalorder">
    <failure message="Could not initialize class com.mls.pay.access.common.CommonTest_bak" type="java.lang.NoClassDefFoundError">java.lang.NoClassDefFoundError: Could not initialize class com.mls.pay.access.common.CommonTest_bak
	at com.mls.pay.access.testcase.NormalOrder_bak.normalorder(NormalOrder_bak.java:61)
</failure>
  </testcase>
  <testcase time="0.002" classname="com.mls.pay.access.testcase.NormalOrder_bak" name="normalorder">
    <failure message="Could not initialize class com.mls.pay.access.common.CommonTest_bak" type="java.lang.NoClassDefFoundError">java.lang.NoClassDefFoundError: Could not initialize class com.mls.pay.access.common.CommonTest_bak
	at com.mls.pay.access.testcase.NormalOrder_bak.normalorder(NormalOrder_bak.java:61)
</failure>
  </testcase>
  <testcase time="0.002" classname="com.mls.pay.access.testcase.NormalOrder_bak" name="normalorder">
    <failure message="Could not initialize class com.mls.pay.access.common.CommonTest_bak" type="java.lang.NoClassDefFoundError">java.lang.NoClassDefFoundError: Could not initialize class com.mls.pay.access.common.CommonTest_bak
	at com.mls.pay.access.testcase.NormalOrder_bak.normalorder(NormalOrder_bak.java:61)
</failure>
  </testcase>
  <testcase time="0.001" classname="com.mls.pay.access.testcase.NormalOrder_bak" name="normalorder">
    <failure message="Could not initialize class com.mls.pay.access.common.CommonTest_bak" type="java.lang.NoClassDefFoundError">java.lang.NoClassDefFoundError: Could not initialize class com.mls.pay.access.common.CommonTest_bak
	at com.mls.pay.access.testcase.NormalOrder_bak.normalorder(NormalOrder_bak.java:61)
</failure>
  </testcase>
  <testcase time="0.001" classname="com.mls.pay.access.testcase.NormalOrder_bak" name="normalorder">
    <failure message="Could not initialize class com.mls.pay.access.common.CommonTest_bak" type="java.lang.NoClassDefFoundError">java.lang.NoClassDefFoundError: Could not initialize class com.mls.pay.access.common.CommonTest_bak
	at com.mls.pay.access.testcase.NormalOrder_bak.normalorder(NormalOrder_bak.java:61)
</failure>
  </testcase>
  <testcase time="0.001" classname="com.mls.pay.access.testcase.NormalOrder_bak" name="normalorder">
    <failure message="Could not initialize class com.mls.pay.access.common.CommonTest_bak" type="java.lang.NoClassDefFoundError">java.lang.NoClassDefFoundError: Could not initialize class com.mls.pay.access.common.CommonTest_bak
	at com.mls.pay.access.testcase.NormalOrder_bak.normalorder(NormalOrder_bak.java:61)
</failure>
  </testcase>
  <testcase time="0.002" classname="com.mls.pay.access.testcase.NormalOrder_bak" name="normalorder">
    <failure message="Could not initialize class com.mls.pay.access.common.CommonTest_bak" type="java.lang.NoClassDefFoundError">java.lang.NoClassDefFoundError: Could not initialize class com.mls.pay.access.common.CommonTest_bak
	at com.mls.pay.access.testcase.NormalOrder_bak.normalorder(NormalOrder_bak.java:61)
</failure>
  </testcase>
  <testcase time="0.001" classname="com.mls.pay.access.testcase.NormalOrder_bak" name="normalorder">
    <failure message="Could not initialize class com.mls.pay.access.common.CommonTest_bak" type="java.lang.NoClassDefFoundError">java.lang.NoClassDefFoundError: Could not initialize class com.mls.pay.access.common.CommonTest_bak
	at com.mls.pay.access.testcase.NormalOrder_bak.normalorder(NormalOrder_bak.java:61)
</failure>
  </testcase>
  <testcase time="0.001" classname="com.mls.pay.access.testcase.NormalOrder_bak" name="normalorder">
    <failure message="Could not initialize class com.mls.pay.access.common.CommonTest_bak" type="java.lang.NoClassDefFoundError">java.lang.NoClassDefFoundError: Could not initialize class com.mls.pay.access.common.CommonTest_bak
	at com.mls.pay.access.testcase.NormalOrder_bak.normalorder(NormalOrder_bak.java:61)
</failure>
  </testcase>
  <testcase time="0.002" classname="com.mls.pay.access.testcase.NormalOrder_bak" name="normalorder">
    <failure message="Could not initialize class com.mls.pay.access.common.CommonTest_bak" type="java.lang.NoClassDefFoundError">java.lang.NoClassDefFoundError: Could not initialize class com.mls.pay.access.common.CommonTest_bak
	at com.mls.pay.access.testcase.NormalOrder_bak.normalorder(NormalOrder_bak.java:61)
</failure>
  </testcase>
  <testcase time="0.001" classname="com.mls.pay.access.testcase.NormalOrder_bak" name="normalorder">
    <failure message="Could not initialize class com.mls.pay.access.common.CommonTest_bak" type="java.lang.NoClassDefFoundError">java.lang.NoClassDefFoundError: Could not initialize class com.mls.pay.access.common.CommonTest_bak
	at com.mls.pay.access.testcase.NormalOrder_bak.normalorder(NormalOrder_bak.java:61)
</failure>
  </testcase>
  <testcase time="0.001" classname="com.mls.pay.access.testcase.NormalOrder_bak" name="normalorder">
    <failure message="Could not initialize class com.mls.pay.access.common.CommonTest_bak" type="java.lang.NoClassDefFoundError">java.lang.NoClassDefFoundError: Could not initialize class com.mls.pay.access.common.CommonTest_bak
	at com.mls.pay.access.testcase.NormalOrder_bak.normalorder(NormalOrder_bak.java:61)
</failure>
  </testcase>
  <testcase time="0.002" classname="com.mls.pay.access.testcase.NormalOrder_bak" name="normalorder">
    <failure message="Could not initialize class com.mls.pay.access.common.CommonTest_bak" type="java.lang.NoClassDefFoundError">java.lang.NoClassDefFoundError: Could not initialize class com.mls.pay.access.common.CommonTest_bak
	at com.mls.pay.access.testcase.NormalOrder_bak.normalorder(NormalOrder_bak.java:61)
</failure>
  </testcase>
  <testcase time="0.002" classname="com.mls.pay.access.testcase.NormalOrder_bak" name="normalorder">
    <failure message="Could not initialize class com.mls.pay.access.common.CommonTest_bak" type="java.lang.NoClassDefFoundError">java.lang.NoClassDefFoundError: Could not initialize class com.mls.pay.access.common.CommonTest_bak
	at com.mls.pay.access.testcase.NormalOrder_bak.normalorder(NormalOrder_bak.java:61)
</failure>
  </testcase>
  <testcase time="0.002" classname="com.mls.pay.access.testcase.NormalOrder_bak" name="normalorder">
    <failure message="Could not initialize class com.mls.pay.access.common.CommonTest_bak" type="java.lang.NoClassDefFoundError">java.lang.NoClassDefFoundError: Could not initialize class com.mls.pay.access.common.CommonTest_bak
	at com.mls.pay.access.testcase.NormalOrder_bak.normalorder(NormalOrder_bak.java:61)
</failure>
  </testcase>
  <testcase time="0.001" classname="com.mls.pay.access.testcase.NormalOrder_bak" name="normalorder">
    <failure message="Could not initialize class com.mls.pay.access.common.CommonTest_bak" type="java.lang.NoClassDefFoundError">java.lang.NoClassDefFoundError: Could not initialize class com.mls.pay.access.common.CommonTest_bak
	at com.mls.pay.access.testcase.NormalOrder_bak.normalorder(NormalOrder_bak.java:61)
</failure>
  </testcase>
  <testcase time="0.001" classname="com.mls.pay.access.testcase.NormalOrder_bak" name="normalorder">
    <failure message="Could not initialize class com.mls.pay.access.common.CommonTest_bak" type="java.lang.NoClassDefFoundError">java.lang.NoClassDefFoundError: Could not initialize class com.mls.pay.access.common.CommonTest_bak
	at com.mls.pay.access.testcase.NormalOrder_bak.normalorder(NormalOrder_bak.java:61)
</failure>
  </testcase>
  <testcase time="0.001" classname="com.mls.pay.access.testcase.NormalOrder_bak" name="normalorder">
    <failure message="Could not initialize class com.mls.pay.access.common.CommonTest_bak" type="java.lang.NoClassDefFoundError">java.lang.NoClassDefFoundError: Could not initialize class com.mls.pay.access.common.CommonTest_bak
	at com.mls.pay.access.testcase.NormalOrder_bak.normalorder(NormalOrder_bak.java:61)
</failure>
  </testcase>
  <testcase time="0" classname="com.mls.pay.access.testcase.NormalOrder_bak" name="normalorder">
    <failure message="Could not initialize class com.mls.pay.access.common.CommonTest_bak" type="java.lang.NoClassDefFoundError">java.lang.NoClassDefFoundError: Could not initialize class com.mls.pay.access.common.CommonTest_bak
	at com.mls.pay.access.testcase.NormalOrder_bak.normalorder(NormalOrder_bak.java:61)
</failure>
  </testcase>
  <testcase time="0.001" classname="com.mls.pay.access.testcase.NormalOrder_bak" name="normalorder">
    <failure message="Could not initialize class com.mls.pay.access.common.CommonTest_bak" type="java.lang.NoClassDefFoundError">java.lang.NoClassDefFoundError: Could not initialize class com.mls.pay.access.common.CommonTest_bak
	at com.mls.pay.access.testcase.NormalOrder_bak.normalorder(NormalOrder_bak.java:61)
</failure>
  </testcase>
  <testcase time="0.001" classname="com.mls.pay.access.testcase.NormalOrder_bak" name="normalorder">
    <failure message="Could not initialize class com.mls.pay.access.common.CommonTest_bak" type="java.lang.NoClassDefFoundError">java.lang.NoClassDefFoundError: Could not initialize class com.mls.pay.access.common.CommonTest_bak
	at com.mls.pay.access.testcase.NormalOrder_bak.normalorder(NormalOrder_bak.java:61)
</failure>
  </testcase>
  <testcase time="0.001" classname="com.mls.pay.access.testcase.WalletPay_bak" name="walletpay">
    <failure message="Could not initialize class com.mls.pay.access.common.CommonTest_bak" type="java.lang.NoClassDefFoundError">java.lang.NoClassDefFoundError: Could not initialize class com.mls.pay.access.common.CommonTest_bak
	at com.mls.pay.access.testcase.WalletPay_bak.walletpay(WalletPay_bak.java:57)
</failure>
    <system-out>methodname= walletpay
</system-out>
    <system-err>Warning:  Property storage name for 5 is empty - setting to Root Entry
</system-err>
  </testcase>
  <testcase time="0.001" classname="com.mls.pay.access.testcase.WalletPay_bak" name="walletpay">
    <failure message="Could not initialize class com.mls.pay.access.common.CommonTest_bak" type="java.lang.NoClassDefFoundError">java.lang.NoClassDefFoundError: Could not initialize class com.mls.pay.access.common.CommonTest_bak
	at com.mls.pay.access.testcase.WalletPay_bak.walletpay(WalletPay_bak.java:57)
</failure>
  </testcase>
  <testcase time="0.001" classname="com.mls.pay.access.testcase.WalletPay_bak" name="walletpay">
    <failure message="Could not initialize class com.mls.pay.access.common.CommonTest_bak" type="java.lang.NoClassDefFoundError">java.lang.NoClassDefFoundError: Could not initialize class com.mls.pay.access.common.CommonTest_bak
	at com.mls.pay.access.testcase.WalletPay_bak.walletpay(WalletPay_bak.java:57)
</failure>
  </testcase>
  <testcase time="0.001" classname="com.mls.pay.access.testcase.WalletPay_bak" name="walletpay">
    <failure message="Could not initialize class com.mls.pay.access.common.CommonTest_bak" type="java.lang.NoClassDefFoundError">java.lang.NoClassDefFoundError: Could not initialize class com.mls.pay.access.common.CommonTest_bak
	at com.mls.pay.access.testcase.WalletPay_bak.walletpay(WalletPay_bak.java:57)
</failure>
  </testcase>
  <testcase time="0.001" classname="com.mls.pay.access.testcase.WalletPay_bak" name="walletpay">
    <failure message="Could not initialize class com.mls.pay.access.common.CommonTest_bak" type="java.lang.NoClassDefFoundError">java.lang.NoClassDefFoundError: Could not initialize class com.mls.pay.access.common.CommonTest_bak
	at com.mls.pay.access.testcase.WalletPay_bak.walletpay(WalletPay_bak.java:57)
</failure>
  </testcase>
  <testcase time="0.001" classname="com.mls.pay.access.testcase.WalletPay_bak" name="walletpay">
    <failure message="Could not initialize class com.mls.pay.access.common.CommonTest_bak" type="java.lang.NoClassDefFoundError">java.lang.NoClassDefFoundError: Could not initialize class com.mls.pay.access.common.CommonTest_bak
	at com.mls.pay.access.testcase.WalletPay_bak.walletpay(WalletPay_bak.java:57)
</failure>
  </testcase>
  <testcase time="0.001" classname="com.mls.pay.access.testcase.WalletPay_bak" name="walletpay">
    <failure message="Could not initialize class com.mls.pay.access.common.CommonTest_bak" type="java.lang.NoClassDefFoundError">java.lang.NoClassDefFoundError: Could not initialize class com.mls.pay.access.common.CommonTest_bak
	at com.mls.pay.access.testcase.WalletPay_bak.walletpay(WalletPay_bak.java:57)
</failure>
  </testcase>
  <testcase time="0.001" classname="com.mls.pay.access.testcase.WalletPay_bak" name="walletpay">
    <failure message="Could not initialize class com.mls.pay.access.common.CommonTest_bak" type="java.lang.NoClassDefFoundError">java.lang.NoClassDefFoundError: Could not initialize class com.mls.pay.access.common.CommonTest_bak
	at com.mls.pay.access.testcase.WalletPay_bak.walletpay(WalletPay_bak.java:57)
</failure>
  </testcase>
  <testcase time="0.002" classname="com.mls.pay.access.testcase.WalletPay_bak" name="walletpay">
    <failure message="Could not initialize class com.mls.pay.access.common.CommonTest_bak" type="java.lang.NoClassDefFoundError">java.lang.NoClassDefFoundError: Could not initialize class com.mls.pay.access.common.CommonTest_bak
	at com.mls.pay.access.testcase.WalletPay_bak.walletpay(WalletPay_bak.java:57)
</failure>
  </testcase>
  <testcase time="0.001" classname="com.mls.pay.access.testcase.WalletPay_bak" name="walletpay">
    <failure message="Could not initialize class com.mls.pay.access.common.CommonTest_bak" type="java.lang.NoClassDefFoundError">java.lang.NoClassDefFoundError: Could not initialize class com.mls.pay.access.common.CommonTest_bak
	at com.mls.pay.access.testcase.WalletPay_bak.walletpay(WalletPay_bak.java:57)
</failure>
  </testcase>
  <testcase time="0.002" classname="com.mls.pay.access.testcase.WalletPay_bak" name="walletpay">
    <failure message="Could not initialize class com.mls.pay.access.common.CommonTest_bak" type="java.lang.NoClassDefFoundError">java.lang.NoClassDefFoundError: Could not initialize class com.mls.pay.access.common.CommonTest_bak
	at com.mls.pay.access.testcase.WalletPay_bak.walletpay(WalletPay_bak.java:57)
</failure>
  </testcase>
  <testcase time="0.001" classname="com.mls.pay.access.testcase.WalletPay_bak" name="walletpay">
    <failure message="Could not initialize class com.mls.pay.access.common.CommonTest_bak" type="java.lang.NoClassDefFoundError">java.lang.NoClassDefFoundError: Could not initialize class com.mls.pay.access.common.CommonTest_bak
	at com.mls.pay.access.testcase.WalletPay_bak.walletpay(WalletPay_bak.java:57)
</failure>
  </testcase>
  <testcase time="0.002" classname="com.mls.pay.access.testcase.WalletPay_bak" name="walletpay">
    <failure message="Could not initialize class com.mls.pay.access.common.CommonTest_bak" type="java.lang.NoClassDefFoundError">java.lang.NoClassDefFoundError: Could not initialize class com.mls.pay.access.common.CommonTest_bak
	at com.mls.pay.access.testcase.WalletPay_bak.walletpay(WalletPay_bak.java:57)
</failure>
  </testcase>
  <testcase time="0.001" classname="com.mls.pay.access.testcase.WalletPay_bak" name="walletpay">
    <failure message="Could not initialize class com.mls.pay.access.common.CommonTest_bak" type="java.lang.NoClassDefFoundError">java.lang.NoClassDefFoundError: Could not initialize class com.mls.pay.access.common.CommonTest_bak
	at com.mls.pay.access.testcase.WalletPay_bak.walletpay(WalletPay_bak.java:57)
</failure>
  </testcase>
  <testcase time="0.001" classname="com.mls.pay.access.testcase.WalletPay_bak" name="walletpay">
    <failure message="Could not initialize class com.mls.pay.access.common.CommonTest_bak" type="java.lang.NoClassDefFoundError">java.lang.NoClassDefFoundError: Could not initialize class com.mls.pay.access.common.CommonTest_bak
	at com.mls.pay.access.testcase.WalletPay_bak.walletpay(WalletPay_bak.java:57)
</failure>
  </testcase>
  <testcase time="0.002" classname="com.mls.pay.access.testcase.WalletPay_bak" name="walletpay">
    <failure message="Could not initialize class com.mls.pay.access.common.CommonTest_bak" type="java.lang.NoClassDefFoundError">java.lang.NoClassDefFoundError: Could not initialize class com.mls.pay.access.common.CommonTest_bak
	at com.mls.pay.access.testcase.WalletPay_bak.walletpay(WalletPay_bak.java:57)
</failure>
  </testcase>
  <testcase time="0.001" classname="com.mls.pay.access.testcase.WalletPay_bak" name="walletpay">
    <failure message="Could not initialize class com.mls.pay.access.common.CommonTest_bak" type="java.lang.NoClassDefFoundError">java.lang.NoClassDefFoundError: Could not initialize class com.mls.pay.access.common.CommonTest_bak
	at com.mls.pay.access.testcase.WalletPay_bak.walletpay(WalletPay_bak.java:57)
</failure>
  </testcase>
  <testcase time="0.009" classname="com.mls.pay.access.testcase.WalletPay_bak" name="walletpay">
    <failure message="Could not initialize class com.mls.pay.access.common.CommonTest_bak" type="java.lang.NoClassDefFoundError">java.lang.NoClassDefFoundError: Could not initialize class com.mls.pay.access.common.CommonTest_bak
	at com.mls.pay.access.testcase.WalletPay_bak.walletpay(WalletPay_bak.java:57)
</failure>
  </testcase>
  <testcase time="0.001" classname="com.mls.pay.access.testcase.WalletPay_bak" name="walletpay">
    <failure message="Could not initialize class com.mls.pay.access.common.CommonTest_bak" type="java.lang.NoClassDefFoundError">java.lang.NoClassDefFoundError: Could not initialize class com.mls.pay.access.common.CommonTest_bak
	at com.mls.pay.access.testcase.WalletPay_bak.walletpay(WalletPay_bak.java:57)
</failure>
  </testcase>
  <testcase time="0.008" classname="com.mls.pay.access.testcase.WalletPay_bak" name="walletpay">
    <failure message="Could not initialize class com.mls.pay.access.common.CommonTest_bak" type="java.lang.NoClassDefFoundError">java.lang.NoClassDefFoundError: Could not initialize class com.mls.pay.access.common.CommonTest_bak
	at com.mls.pay.access.testcase.WalletPay_bak.walletpay(WalletPay_bak.java:57)
</failure>
  </testcase>
  <testcase time="0.001" classname="com.mls.pay.access.testcase.FreightCoupon_bak" name="freightcoupon">
    <failure message="Could not initialize class com.mls.pay.access.common.CommonTest_bak" type="java.lang.NoClassDefFoundError">java.lang.NoClassDefFoundError: Could not initialize class com.mls.pay.access.common.CommonTest_bak
	at com.mls.pay.access.testcase.FreightCoupon_bak.freightcoupon(FreightCoupon_bak.java:63)
</failure>
    <system-out>methodname= freightcoupon
</system-out>
    <system-err>Warning:  Property storage name for 5 is empty - setting to Root Entry
</system-err>
  </testcase>
  <testcase time="0.001" classname="com.mls.pay.access.testcase.FreightCoupon_bak" name="freightcoupon">
    <failure message="Could not initialize class com.mls.pay.access.common.CommonTest_bak" type="java.lang.NoClassDefFoundError">java.lang.NoClassDefFoundError: Could not initialize class com.mls.pay.access.common.CommonTest_bak
	at com.mls.pay.access.testcase.FreightCoupon_bak.freightcoupon(FreightCoupon_bak.java:63)
</failure>
  </testcase>
  <testcase time="0" classname="com.mls.pay.access.testcase.FreightCoupon_bak" name="freightcoupon">
    <failure message="Could not initialize class com.mls.pay.access.common.CommonTest_bak" type="java.lang.NoClassDefFoundError">java.lang.NoClassDefFoundError: Could not initialize class com.mls.pay.access.common.CommonTest_bak
	at com.mls.pay.access.testcase.FreightCoupon_bak.freightcoupon(FreightCoupon_bak.java:63)
</failure>
  </testcase>
  <testcase time="0" classname="com.mls.pay.access.testcase.FreightCoupon_bak" name="freightcoupon">
    <failure message="Could not initialize class com.mls.pay.access.common.CommonTest_bak" type="java.lang.NoClassDefFoundError">java.lang.NoClassDefFoundError: Could not initialize class com.mls.pay.access.common.CommonTest_bak
	at com.mls.pay.access.testcase.FreightCoupon_bak.freightcoupon(FreightCoupon_bak.java:63)
</failure>
  </testcase>
  <testcase time="0" classname="com.mls.pay.access.testcase.FreightCoupon_bak" name="freightcoupon">
    <failure message="Could not initialize class com.mls.pay.access.common.CommonTest_bak" type="java.lang.NoClassDefFoundError">java.lang.NoClassDefFoundError: Could not initialize class com.mls.pay.access.common.CommonTest_bak
	at com.mls.pay.access.testcase.FreightCoupon_bak.freightcoupon(FreightCoupon_bak.java:63)
</failure>
  </testcase>
  <testcase time="0.001" classname="com.mls.pay.access.testcase.FreightCoupon_bak" name="freightcoupon">
    <failure message="Could not initialize class com.mls.pay.access.common.CommonTest_bak" type="java.lang.NoClassDefFoundError">java.lang.NoClassDefFoundError: Could not initialize class com.mls.pay.access.common.CommonTest_bak
	at com.mls.pay.access.testcase.FreightCoupon_bak.freightcoupon(FreightCoupon_bak.java:63)
</failure>
  </testcase>
  <testcase time="0.001" classname="com.mls.pay.access.testcase.FreightCoupon_bak" name="freightcoupon">
    <failure message="Could not initialize class com.mls.pay.access.common.CommonTest_bak" type="java.lang.NoClassDefFoundError">java.lang.NoClassDefFoundError: Could not initialize class com.mls.pay.access.common.CommonTest_bak
	at com.mls.pay.access.testcase.FreightCoupon_bak.freightcoupon(FreightCoupon_bak.java:63)
</failure>
  </testcase>
  <testcase time="0" classname="com.mls.pay.access.testcase.FreightCoupon_bak" name="freightcoupon">
    <failure message="Could not initialize class com.mls.pay.access.common.CommonTest_bak" type="java.lang.NoClassDefFoundError">java.lang.NoClassDefFoundError: Could not initialize class com.mls.pay.access.common.CommonTest_bak
	at com.mls.pay.access.testcase.FreightCoupon_bak.freightcoupon(FreightCoupon_bak.java:63)
</failure>
  </testcase>
  <testcase time="0.001" classname="com.mls.pay.access.testcase.FreightCoupon_bak" name="freightcoupon">
    <failure message="Could not initialize class com.mls.pay.access.common.CommonTest_bak" type="java.lang.NoClassDefFoundError">java.lang.NoClassDefFoundError: Could not initialize class com.mls.pay.access.common.CommonTest_bak
	at com.mls.pay.access.testcase.FreightCoupon_bak.freightcoupon(FreightCoupon_bak.java:63)
</failure>
  </testcase>
  <testcase time="0.005" classname="com.mls.pay.access.testcase.FreightCoupon_bak" name="freightcoupon">
    <failure message="Could not initialize class com.mls.pay.access.common.CommonTest_bak" type="java.lang.NoClassDefFoundError">java.lang.NoClassDefFoundError: Could not initialize class com.mls.pay.access.common.CommonTest_bak
	at com.mls.pay.access.testcase.FreightCoupon_bak.freightcoupon(FreightCoupon_bak.java:63)
</failure>
  </testcase>
  <testcase time="0" classname="com.mls.pay.access.testcase.FreightCoupon_bak" name="freightcoupon">
    <failure message="Could not initialize class com.mls.pay.access.common.CommonTest_bak" type="java.lang.NoClassDefFoundError">java.lang.NoClassDefFoundError: Could not initialize class com.mls.pay.access.common.CommonTest_bak
	at com.mls.pay.access.testcase.FreightCoupon_bak.freightcoupon(FreightCoupon_bak.java:63)
</failure>
  </testcase>
  <testcase time="0.001" classname="com.mls.pay.access.testcase.FreightCoupon_bak" name="freightcoupon">
    <failure message="Could not initialize class com.mls.pay.access.common.CommonTest_bak" type="java.lang.NoClassDefFoundError">java.lang.NoClassDefFoundError: Could not initialize class com.mls.pay.access.common.CommonTest_bak
	at com.mls.pay.access.testcase.FreightCoupon_bak.freightcoupon(FreightCoupon_bak.java:63)
</failure>
  </testcase>
  <testcase time="0.001" classname="com.mls.pay.access.testcase.FreightCoupon_bak" name="freightcoupon">
    <failure message="Could not initialize class com.mls.pay.access.common.CommonTest_bak" type="java.lang.NoClassDefFoundError">java.lang.NoClassDefFoundError: Could not initialize class com.mls.pay.access.common.CommonTest_bak
	at com.mls.pay.access.testcase.FreightCoupon_bak.freightcoupon(FreightCoupon_bak.java:63)
</failure>
  </testcase>
  <testcase time="0" classname="com.mls.pay.access.testcase.FreightCoupon_bak" name="freightcoupon">
    <failure message="Could not initialize class com.mls.pay.access.common.CommonTest_bak" type="java.lang.NoClassDefFoundError">java.lang.NoClassDefFoundError: Could not initialize class com.mls.pay.access.common.CommonTest_bak
	at com.mls.pay.access.testcase.FreightCoupon_bak.freightcoupon(FreightCoupon_bak.java:63)
</failure>
  </testcase>
  <testcase time="0" classname="com.mls.pay.access.testcase.FreightCoupon_bak" name="freightcoupon">
    <failure message="Could not initialize class com.mls.pay.access.common.CommonTest_bak" type="java.lang.NoClassDefFoundError">java.lang.NoClassDefFoundError: Could not initialize class com.mls.pay.access.common.CommonTest_bak
	at com.mls.pay.access.testcase.FreightCoupon_bak.freightcoupon(FreightCoupon_bak.java:63)
</failure>
  </testcase>
  <testcase time="0.002" classname="com.mls.pay.access.testcase.FreightCoupon_bak" name="freightcoupon">
    <failure message="Could not initialize class com.mls.pay.access.common.CommonTest_bak" type="java.lang.NoClassDefFoundError">java.lang.NoClassDefFoundError: Could not initialize class com.mls.pay.access.common.CommonTest_bak
	at com.mls.pay.access.testcase.FreightCoupon_bak.freightcoupon(FreightCoupon_bak.java:63)
</failure>
  </testcase>
  <testcase time="0.001" classname="com.mls.pay.access.testcase.FreightCoupon_bak" name="freightcoupon">
    <failure message="Could not initialize class com.mls.pay.access.common.CommonTest_bak" type="java.lang.NoClassDefFoundError">java.lang.NoClassDefFoundError: Could not initialize class com.mls.pay.access.common.CommonTest_bak
	at com.mls.pay.access.testcase.FreightCoupon_bak.freightcoupon(FreightCoupon_bak.java:63)
</failure>
  </testcase>
  <testcase time="0" classname="com.mls.pay.access.testcase.FreightCoupon_bak" name="freightcoupon">
    <failure message="Could not initialize class com.mls.pay.access.common.CommonTest_bak" type="java.lang.NoClassDefFoundError">java.lang.NoClassDefFoundError: Could not initialize class com.mls.pay.access.common.CommonTest_bak
	at com.mls.pay.access.testcase.FreightCoupon_bak.freightcoupon(FreightCoupon_bak.java:63)
</failure>
  </testcase>
  <testcase time="0.001" classname="com.mls.pay.access.testcase.FreightCoupon_bak" name="freightcoupon">
    <failure message="Could not initialize class com.mls.pay.access.common.CommonTest_bak" type="java.lang.NoClassDefFoundError">java.lang.NoClassDefFoundError: Could not initialize class com.mls.pay.access.common.CommonTest_bak
	at com.mls.pay.access.testcase.FreightCoupon_bak.freightcoupon(FreightCoupon_bak.java:63)
</failure>
  </testcase>
  <testcase time="0.001" classname="com.mls.pay.access.testcase.FreightCoupon_bak" name="freightcoupon">
    <failure message="Could not initialize class com.mls.pay.access.common.CommonTest_bak" type="java.lang.NoClassDefFoundError">java.lang.NoClassDefFoundError: Could not initialize class com.mls.pay.access.common.CommonTest_bak
	at com.mls.pay.access.testcase.FreightCoupon_bak.freightcoupon(FreightCoupon_bak.java:63)
</failure>
  </testcase>
  <testcase time="0.001" classname="com.mls.pay.access.testcase.FreightCoupon_bak" name="freightcoupon">
    <failure message="Could not initialize class com.mls.pay.access.common.CommonTest_bak" type="java.lang.NoClassDefFoundError">java.lang.NoClassDefFoundError: Could not initialize class com.mls.pay.access.common.CommonTest_bak
	at com.mls.pay.access.testcase.FreightCoupon_bak.freightcoupon(FreightCoupon_bak.java:63)
</failure>
  </testcase>
  <testcase time="0.001" classname="com.mls.pay.access.testcase.FreightCoupon_bak" name="freightcoupon">
    <failure message="Could not initialize class com.mls.pay.access.common.CommonTest_bak" type="java.lang.NoClassDefFoundError">java.lang.NoClassDefFoundError: Could not initialize class com.mls.pay.access.common.CommonTest_bak
	at com.mls.pay.access.testcase.FreightCoupon_bak.freightcoupon(FreightCoupon_bak.java:63)
</failure>
  </testcase>
  <testcase time="0" classname="com.mls.pay.access.testcase.FreightCoupon_bak" name="freightcoupon">
    <failure message="Could not initialize class com.mls.pay.access.common.CommonTest_bak" type="java.lang.NoClassDefFoundError">java.lang.NoClassDefFoundError: Could not initialize class com.mls.pay.access.common.CommonTest_bak
	at com.mls.pay.access.testcase.FreightCoupon_bak.freightcoupon(FreightCoupon_bak.java:63)
</failure>
  </testcase>
  <testcase time="0.001" classname="com.mls.pay.access.testcase.FreightCoupon_bak" name="freightcoupon">
    <failure message="Could not initialize class com.mls.pay.access.common.CommonTest_bak" type="java.lang.NoClassDefFoundError">java.lang.NoClassDefFoundError: Could not initialize class com.mls.pay.access.common.CommonTest_bak
	at com.mls.pay.access.testcase.FreightCoupon_bak.freightcoupon(FreightCoupon_bak.java:63)
</failure>
  </testcase>
  <testcase time="0.001" classname="com.mls.pay.access.testcase.FreightCoupon_bak" name="freightcoupon">
    <failure message="Could not initialize class com.mls.pay.access.common.CommonTest_bak" type="java.lang.NoClassDefFoundError">java.lang.NoClassDefFoundError: Could not initialize class com.mls.pay.access.common.CommonTest_bak
	at com.mls.pay.access.testcase.FreightCoupon_bak.freightcoupon(FreightCoupon_bak.java:63)
</failure>
  </testcase>
  <testcase time="0.001" classname="com.mls.pay.access.testcase.FreightCoupon_bak" name="freightcoupon">
    <failure message="Could not initialize class com.mls.pay.access.common.CommonTest_bak" type="java.lang.NoClassDefFoundError">java.lang.NoClassDefFoundError: Could not initialize class com.mls.pay.access.common.CommonTest_bak
	at com.mls.pay.access.testcase.FreightCoupon_bak.freightcoupon(FreightCoupon_bak.java:63)
</failure>
  </testcase>
  <testcase time="0" classname="com.mls.pay.access.testcase.FreightCoupon_bak" name="freightcoupon">
    <failure message="Could not initialize class com.mls.pay.access.common.CommonTest_bak" type="java.lang.NoClassDefFoundError">java.lang.NoClassDefFoundError: Could not initialize class com.mls.pay.access.common.CommonTest_bak
	at com.mls.pay.access.testcase.FreightCoupon_bak.freightcoupon(FreightCoupon_bak.java:63)
</failure>
  </testcase>
  <testcase time="0.001" classname="com.mls.pay.access.testcase.FreightCoupon_bak" name="freightcoupon">
    <failure message="Could not initialize class com.mls.pay.access.common.CommonTest_bak" type="java.lang.NoClassDefFoundError">java.lang.NoClassDefFoundError: Could not initialize class com.mls.pay.access.common.CommonTest_bak
	at com.mls.pay.access.testcase.FreightCoupon_bak.freightcoupon(FreightCoupon_bak.java:63)
</failure>
  </testcase>
  <testcase time="0" classname="com.mls.pay.access.testcase.FreightWalletPay_bak" name="freightwalletpay">
    <failure message="Could not initialize class com.mls.pay.access.common.CommonTest_bak" type="java.lang.NoClassDefFoundError">java.lang.NoClassDefFoundError: Could not initialize class com.mls.pay.access.common.CommonTest_bak
	at com.mls.pay.access.testcase.FreightWalletPay_bak.freightwalletpay(FreightWalletPay_bak.java:62)
</failure>
    <system-out>methodname= freightwalletpay
</system-out>
    <system-err>Warning:  Property storage name for 5 is empty - setting to Root Entry
</system-err>
  </testcase>
  <testcase time="0" classname="com.mls.pay.access.testcase.FreightWalletPay_bak" name="freightwalletpay">
    <failure message="Could not initialize class com.mls.pay.access.common.CommonTest_bak" type="java.lang.NoClassDefFoundError">java.lang.NoClassDefFoundError: Could not initialize class com.mls.pay.access.common.CommonTest_bak
	at com.mls.pay.access.testcase.FreightWalletPay_bak.freightwalletpay(FreightWalletPay_bak.java:62)
</failure>
  </testcase>
  <testcase time="0" classname="com.mls.pay.access.testcase.FreightWalletPay_bak" name="freightwalletpay">
    <failure message="Could not initialize class com.mls.pay.access.common.CommonTest_bak" type="java.lang.NoClassDefFoundError">java.lang.NoClassDefFoundError: Could not initialize class com.mls.pay.access.common.CommonTest_bak
	at com.mls.pay.access.testcase.FreightWalletPay_bak.freightwalletpay(FreightWalletPay_bak.java:62)
</failure>
  </testcase>
  <testcase time="0.001" classname="com.mls.pay.access.testcase.FreightWalletPay_bak" name="freightwalletpay">
    <failure message="Could not initialize class com.mls.pay.access.common.CommonTest_bak" type="java.lang.NoClassDefFoundError">java.lang.NoClassDefFoundError: Could not initialize class com.mls.pay.access.common.CommonTest_bak
	at com.mls.pay.access.testcase.FreightWalletPay_bak.freightwalletpay(FreightWalletPay_bak.java:62)
</failure>
  </testcase>
  <testcase time="0.001" classname="com.mls.pay.access.testcase.FreightWalletPay_bak" name="freightwalletpay">
    <failure message="Could not initialize class com.mls.pay.access.common.CommonTest_bak" type="java.lang.NoClassDefFoundError">java.lang.NoClassDefFoundError: Could not initialize class com.mls.pay.access.common.CommonTest_bak
	at com.mls.pay.access.testcase.FreightWalletPay_bak.freightwalletpay(FreightWalletPay_bak.java:62)
</failure>
  </testcase>
  <testcase time="0.001" classname="com.mls.pay.access.testcase.FreightWalletPay_bak" name="freightwalletpay">
    <failure message="Could not initialize class com.mls.pay.access.common.CommonTest_bak" type="java.lang.NoClassDefFoundError">java.lang.NoClassDefFoundError: Could not initialize class com.mls.pay.access.common.CommonTest_bak
	at com.mls.pay.access.testcase.FreightWalletPay_bak.freightwalletpay(FreightWalletPay_bak.java:62)
</failure>
  </testcase>
  <testcase time="0.001" classname="com.mls.pay.access.testcase.FreightWalletPay_bak" name="freightwalletpay">
    <failure message="Could not initialize class com.mls.pay.access.common.CommonTest_bak" type="java.lang.NoClassDefFoundError">java.lang.NoClassDefFoundError: Could not initialize class com.mls.pay.access.common.CommonTest_bak
	at com.mls.pay.access.testcase.FreightWalletPay_bak.freightwalletpay(FreightWalletPay_bak.java:62)
</failure>
  </testcase>
  <testcase time="0.001" classname="com.mls.pay.access.testcase.FreightWalletPay_bak" name="freightwalletpay">
    <failure message="Could not initialize class com.mls.pay.access.common.CommonTest_bak" type="java.lang.NoClassDefFoundError">java.lang.NoClassDefFoundError: Could not initialize class com.mls.pay.access.common.CommonTest_bak
	at com.mls.pay.access.testcase.FreightWalletPay_bak.freightwalletpay(FreightWalletPay_bak.java:62)
</failure>
  </testcase>
  <testcase time="0.001" classname="com.mls.pay.access.testcase.FreightWalletPay_bak" name="freightwalletpay">
    <failure message="Could not initialize class com.mls.pay.access.common.CommonTest_bak" type="java.lang.NoClassDefFoundError">java.lang.NoClassDefFoundError: Could not initialize class com.mls.pay.access.common.CommonTest_bak
	at com.mls.pay.access.testcase.FreightWalletPay_bak.freightwalletpay(FreightWalletPay_bak.java:62)
</failure>
  </testcase>
  <testcase time="0.001" classname="com.mls.pay.access.testcase.FreightWalletPay_bak" name="freightwalletpay">
    <failure message="Could not initialize class com.mls.pay.access.common.CommonTest_bak" type="java.lang.NoClassDefFoundError">java.lang.NoClassDefFoundError: Could not initialize class com.mls.pay.access.common.CommonTest_bak
	at com.mls.pay.access.testcase.FreightWalletPay_bak.freightwalletpay(FreightWalletPay_bak.java:62)
</failure>
  </testcase>
  <testcase time="0.001" classname="com.mls.pay.access.testcase.FreightWalletPay_bak" name="freightwalletpay">
    <failure message="Could not initialize class com.mls.pay.access.common.CommonTest_bak" type="java.lang.NoClassDefFoundError">java.lang.NoClassDefFoundError: Could not initialize class com.mls.pay.access.common.CommonTest_bak
	at com.mls.pay.access.testcase.FreightWalletPay_bak.freightwalletpay(FreightWalletPay_bak.java:62)
</failure>
  </testcase>
  <testcase time="0" classname="com.mls.pay.access.testcase.FreightWalletPay_bak" name="freightwalletpay">
    <failure message="Could not initialize class com.mls.pay.access.common.CommonTest_bak" type="java.lang.NoClassDefFoundError">java.lang.NoClassDefFoundError: Could not initialize class com.mls.pay.access.common.CommonTest_bak
	at com.mls.pay.access.testcase.FreightWalletPay_bak.freightwalletpay(FreightWalletPay_bak.java:62)
</failure>
  </testcase>
  <testcase time="0" classname="com.mls.pay.access.testcase.FreightWalletPay_bak" name="freightwalletpay">
    <failure message="Could not initialize class com.mls.pay.access.common.CommonTest_bak" type="java.lang.NoClassDefFoundError">java.lang.NoClassDefFoundError: Could not initialize class com.mls.pay.access.common.CommonTest_bak
	at com.mls.pay.access.testcase.FreightWalletPay_bak.freightwalletpay(FreightWalletPay_bak.java:62)
</failure>
  </testcase>
  <testcase time="0.001" classname="com.mls.pay.access.testcase.FreightWalletPay_bak" name="freightwalletpay">
    <failure message="Could not initialize class com.mls.pay.access.common.CommonTest_bak" type="java.lang.NoClassDefFoundError">java.lang.NoClassDefFoundError: Could not initialize class com.mls.pay.access.common.CommonTest_bak
	at com.mls.pay.access.testcase.FreightWalletPay_bak.freightwalletpay(FreightWalletPay_bak.java:62)
</failure>
  </testcase>
  <testcase time="0.001" classname="com.mls.pay.access.testcase.FreightWalletPay_bak" name="freightwalletpay">
    <failure message="Could not initialize class com.mls.pay.access.common.CommonTest_bak" type="java.lang.NoClassDefFoundError">java.lang.NoClassDefFoundError: Could not initialize class com.mls.pay.access.common.CommonTest_bak
	at com.mls.pay.access.testcase.FreightWalletPay_bak.freightwalletpay(FreightWalletPay_bak.java:62)
</failure>
  </testcase>
  <testcase time="0.001" classname="com.mls.pay.access.testcase.FreightWalletPay_bak" name="freightwalletpay">
    <failure message="Could not initialize class com.mls.pay.access.common.CommonTest_bak" type="java.lang.NoClassDefFoundError">java.lang.NoClassDefFoundError: Could not initialize class com.mls.pay.access.common.CommonTest_bak
	at com.mls.pay.access.testcase.FreightWalletPay_bak.freightwalletpay(FreightWalletPay_bak.java:62)
</failure>
  </testcase>
  <testcase time="0.001" classname="com.mls.pay.access.testcase.FreightWalletPay_bak" name="freightwalletpay">
    <failure message="Could not initialize class com.mls.pay.access.common.CommonTest_bak" type="java.lang.NoClassDefFoundError">java.lang.NoClassDefFoundError: Could not initialize class com.mls.pay.access.common.CommonTest_bak
	at com.mls.pay.access.testcase.FreightWalletPay_bak.freightwalletpay(FreightWalletPay_bak.java:62)
</failure>
  </testcase>
  <testcase time="0.001" classname="com.mls.pay.access.testcase.FreightWalletPay_bak" name="freightwalletpay">
    <failure message="Could not initialize class com.mls.pay.access.common.CommonTest_bak" type="java.lang.NoClassDefFoundError">java.lang.NoClassDefFoundError: Could not initialize class com.mls.pay.access.common.CommonTest_bak
	at com.mls.pay.access.testcase.FreightWalletPay_bak.freightwalletpay(FreightWalletPay_bak.java:62)
</failure>
  </testcase>
  <testcase time="0" classname="com.mls.pay.access.testcase.FreightWalletPay_bak" name="freightwalletpay">
    <failure message="Could not initialize class com.mls.pay.access.common.CommonTest_bak" type="java.lang.NoClassDefFoundError">java.lang.NoClassDefFoundError: Could not initialize class com.mls.pay.access.common.CommonTest_bak
	at com.mls.pay.access.testcase.FreightWalletPay_bak.freightwalletpay(FreightWalletPay_bak.java:62)
</failure>
  </testcase>
  <testcase time="0.001" classname="com.mls.pay.access.testcase.FreightWalletPay_bak" name="freightwalletpay">
    <failure message="Could not initialize class com.mls.pay.access.common.CommonTest_bak" type="java.lang.NoClassDefFoundError">java.lang.NoClassDefFoundError: Could not initialize class com.mls.pay.access.common.CommonTest_bak
	at com.mls.pay.access.testcase.FreightWalletPay_bak.freightwalletpay(FreightWalletPay_bak.java:62)
</failure>
  </testcase>
  <testcase time="0.001" classname="com.mls.pay.access.testcase.FreightWalletPay_bak" name="freightwalletpay">
    <failure message="Could not initialize class com.mls.pay.access.common.CommonTest_bak" type="java.lang.NoClassDefFoundError">java.lang.NoClassDefFoundError: Could not initialize class com.mls.pay.access.common.CommonTest_bak
	at com.mls.pay.access.testcase.FreightWalletPay_bak.freightwalletpay(FreightWalletPay_bak.java:62)
</failure>
  </testcase>
  <testcase time="0" classname="com.mls.pay.access.testcase.FreightWalletPay_bak" name="freightwalletpay">
    <failure message="Could not initialize class com.mls.pay.access.common.CommonTest_bak" type="java.lang.NoClassDefFoundError">java.lang.NoClassDefFoundError: Could not initialize class com.mls.pay.access.common.CommonTest_bak
	at com.mls.pay.access.testcase.FreightWalletPay_bak.freightwalletpay(FreightWalletPay_bak.java:62)
</failure>
  </testcase>
  <testcase time="0.001" classname="com.mls.pay.access.testcase.FreightWalletPay_bak" name="freightwalletpay">
    <failure message="Could not initialize class com.mls.pay.access.common.CommonTest_bak" type="java.lang.NoClassDefFoundError">java.lang.NoClassDefFoundError: Could not initialize class com.mls.pay.access.common.CommonTest_bak
	at com.mls.pay.access.testcase.FreightWalletPay_bak.freightwalletpay(FreightWalletPay_bak.java:62)
</failure>
  </testcase>
  <testcase time="0" classname="com.mls.pay.access.testcase.FreightWalletPay_bak" name="freightwalletpay">
    <failure message="Could not initialize class com.mls.pay.access.common.CommonTest_bak" type="java.lang.NoClassDefFoundError">java.lang.NoClassDefFoundError: Could not initialize class com.mls.pay.access.common.CommonTest_bak
	at com.mls.pay.access.testcase.FreightWalletPay_bak.freightwalletpay(FreightWalletPay_bak.java:62)
</failure>
  </testcase>
  <testcase time="0.001" classname="com.mls.pay.access.testcase.FreightWalletPay_bak" name="freightwalletpay">
    <failure message="Could not initialize class com.mls.pay.access.common.CommonTest_bak" type="java.lang.NoClassDefFoundError">java.lang.NoClassDefFoundError: Could not initialize class com.mls.pay.access.common.CommonTest_bak
	at com.mls.pay.access.testcase.FreightWalletPay_bak.freightwalletpay(FreightWalletPay_bak.java:62)
</failure>
  </testcase>
  <testcase time="0.001" classname="com.mls.pay.access.testcase.FreightWalletPay_bak" name="freightwalletpay">
    <failure message="Could not initialize class com.mls.pay.access.common.CommonTest_bak" type="java.lang.NoClassDefFoundError">java.lang.NoClassDefFoundError: Could not initialize class com.mls.pay.access.common.CommonTest_bak
	at com.mls.pay.access.testcase.FreightWalletPay_bak.freightwalletpay(FreightWalletPay_bak.java:62)
</failure>
  </testcase>
  <testcase time="0" classname="com.mls.pay.access.testcase.FreightWalletPay_bak" name="freightwalletpay">
    <failure message="Could not initialize class com.mls.pay.access.common.CommonTest_bak" type="java.lang.NoClassDefFoundError">java.lang.NoClassDefFoundError: Could not initialize class com.mls.pay.access.common.CommonTest_bak
	at com.mls.pay.access.testcase.FreightWalletPay_bak.freightwalletpay(FreightWalletPay_bak.java:62)
</failure>
  </testcase>
  <testcase time="0" classname="com.mls.pay.access.testcase.FreightWalletPay_bak" name="freightwalletpay">
    <failure message="Could not initialize class com.mls.pay.access.common.CommonTest_bak" type="java.lang.NoClassDefFoundError">java.lang.NoClassDefFoundError: Could not initialize class com.mls.pay.access.common.CommonTest_bak
	at com.mls.pay.access.testcase.FreightWalletPay_bak.freightwalletpay(FreightWalletPay_bak.java:62)
</failure>
  </testcase>
  <testcase time="0" classname="com.mls.pay.access.testcase.FreightWalletPay_bak" name="freightwalletpay">
    <failure message="Could not initialize class com.mls.pay.access.common.CommonTest_bak" type="java.lang.NoClassDefFoundError">java.lang.NoClassDefFoundError: Could not initialize class com.mls.pay.access.common.CommonTest_bak
	at com.mls.pay.access.testcase.FreightWalletPay_bak.freightwalletpay(FreightWalletPay_bak.java:62)
</failure>
  </testcase>
  <testcase time="0" classname="com.mls.pay.access.testcase.FreightWalletPay_bak" name="freightwalletpay">
    <failure message="Could not initialize class com.mls.pay.access.common.CommonTest_bak" type="java.lang.NoClassDefFoundError">java.lang.NoClassDefFoundError: Could not initialize class com.mls.pay.access.common.CommonTest_bak
	at com.mls.pay.access.testcase.FreightWalletPay_bak.freightwalletpay(FreightWalletPay_bak.java:62)
</failure>
  </testcase>
  <testcase time="0.001" classname="com.mls.pay.access.testcase.SeveralGoods_bak" name="severalgoods">
    <failure message="Could not initialize class com.mls.pay.access.common.CommonTest_bak" type="java.lang.NoClassDefFoundError">java.lang.NoClassDefFoundError: Could not initialize class com.mls.pay.access.common.CommonTest_bak
	at com.mls.pay.access.testcase.SeveralGoods_bak.severalgoods(SeveralGoods_bak.java:60)
</failure>
    <system-out>methodname= severalgoods
</system-out>
    <system-err>Warning:  Property storage name for 5 is empty - setting to Root Entry
</system-err>
  </testcase>
  <testcase time="0" classname="com.mls.pay.access.testcase.SeveralGoods_bak" name="severalgoods">
    <failure message="Could not initialize class com.mls.pay.access.common.CommonTest_bak" type="java.lang.NoClassDefFoundError">java.lang.NoClassDefFoundError: Could not initialize class com.mls.pay.access.common.CommonTest_bak
	at com.mls.pay.access.testcase.SeveralGoods_bak.severalgoods(SeveralGoods_bak.java:60)
</failure>
  </testcase>
  <testcase time="0.001" classname="com.mls.pay.access.testcase.SeveralGoods_bak" name="severalgoods">
    <failure message="Could not initialize class com.mls.pay.access.common.CommonTest_bak" type="java.lang.NoClassDefFoundError">java.lang.NoClassDefFoundError: Could not initialize class com.mls.pay.access.common.CommonTest_bak
	at com.mls.pay.access.testcase.SeveralGoods_bak.severalgoods(SeveralGoods_bak.java:60)
</failure>
  </testcase>
  <testcase time="0" classname="com.mls.pay.access.testcase.SeveralGoods_bak" name="severalgoods">
    <failure message="Could not initialize class com.mls.pay.access.common.CommonTest_bak" type="java.lang.NoClassDefFoundError">java.lang.NoClassDefFoundError: Could not initialize class com.mls.pay.access.common.CommonTest_bak
	at com.mls.pay.access.testcase.SeveralGoods_bak.severalgoods(SeveralGoods_bak.java:60)
</failure>
  </testcase>
  <testcase time="0" classname="com.mls.pay.access.testcase.SeveralGoods_bak" name="severalgoods">
    <failure message="Could not initialize class com.mls.pay.access.common.CommonTest_bak" type="java.lang.NoClassDefFoundError">java.lang.NoClassDefFoundError: Could not initialize class com.mls.pay.access.common.CommonTest_bak
	at com.mls.pay.access.testcase.SeveralGoods_bak.severalgoods(SeveralGoods_bak.java:60)
</failure>
  </testcase>
  <testcase time="0.001" classname="com.mls.pay.access.testcase.SeveralGoods_bak" name="severalgoods">
    <failure message="Could not initialize class com.mls.pay.access.common.CommonTest_bak" type="java.lang.NoClassDefFoundError">java.lang.NoClassDefFoundError: Could not initialize class com.mls.pay.access.common.CommonTest_bak
	at com.mls.pay.access.testcase.SeveralGoods_bak.severalgoods(SeveralGoods_bak.java:60)
</failure>
  </testcase>
  <testcase time="0.001" classname="com.mls.pay.access.testcase.SeveralGoods_bak" name="severalgoods">
    <failure message="Could not initialize class com.mls.pay.access.common.CommonTest_bak" type="java.lang.NoClassDefFoundError">java.lang.NoClassDefFoundError: Could not initialize class com.mls.pay.access.common.CommonTest_bak
	at com.mls.pay.access.testcase.SeveralGoods_bak.severalgoods(SeveralGoods_bak.java:60)
</failure>
  </testcase>
  <testcase time="0" classname="com.mls.pay.access.testcase.SeveralGoods_bak" name="severalgoods">
    <failure message="Could not initialize class com.mls.pay.access.common.CommonTest_bak" type="java.lang.NoClassDefFoundError">java.lang.NoClassDefFoundError: Could not initialize class com.mls.pay.access.common.CommonTest_bak
	at com.mls.pay.access.testcase.SeveralGoods_bak.severalgoods(SeveralGoods_bak.java:60)
</failure>
  </testcase>
  <testcase time="0.001" classname="com.mls.pay.access.testcase.SeveralGoods_bak" name="severalgoods">
    <failure message="Could not initialize class com.mls.pay.access.common.CommonTest_bak" type="java.lang.NoClassDefFoundError">java.lang.NoClassDefFoundError: Could not initialize class com.mls.pay.access.common.CommonTest_bak
	at com.mls.pay.access.testcase.SeveralGoods_bak.severalgoods(SeveralGoods_bak.java:60)
</failure>
  </testcase>
  <testcase time="0" classname="com.mls.pay.access.testcase.SeveralGoods_bak" name="severalgoods">
    <failure message="Could not initialize class com.mls.pay.access.common.CommonTest_bak" type="java.lang.NoClassDefFoundError">java.lang.NoClassDefFoundError: Could not initialize class com.mls.pay.access.common.CommonTest_bak
	at com.mls.pay.access.testcase.SeveralGoods_bak.severalgoods(SeveralGoods_bak.java:60)
</failure>
  </testcase>
  <testcase time="0" classname="com.mls.pay.access.testcase.SeveralGoods_bak" name="severalgoods">
    <failure message="Could not initialize class com.mls.pay.access.common.CommonTest_bak" type="java.lang.NoClassDefFoundError">java.lang.NoClassDefFoundError: Could not initialize class com.mls.pay.access.common.CommonTest_bak
	at com.mls.pay.access.testcase.SeveralGoods_bak.severalgoods(SeveralGoods_bak.java:60)
</failure>
  </testcase>
  <testcase time="0.001" classname="com.mls.pay.access.testcase.SeveralGoods_bak" name="severalgoods">
    <failure message="Could not initialize class com.mls.pay.access.common.CommonTest_bak" type="java.lang.NoClassDefFoundError">java.lang.NoClassDefFoundError: Could not initialize class com.mls.pay.access.common.CommonTest_bak
	at com.mls.pay.access.testcase.SeveralGoods_bak.severalgoods(SeveralGoods_bak.java:60)
</failure>
  </testcase>
  <testcase time="0" classname="com.mls.pay.access.testcase.SeveralGoods_bak" name="severalgoods">
    <failure message="Could not initialize class com.mls.pay.access.common.CommonTest_bak" type="java.lang.NoClassDefFoundError">java.lang.NoClassDefFoundError: Could not initialize class com.mls.pay.access.common.CommonTest_bak
	at com.mls.pay.access.testcase.SeveralGoods_bak.severalgoods(SeveralGoods_bak.java:60)
</failure>
  </testcase>
  <testcase time="0" classname="com.mls.pay.access.testcase.SeveralGoods_bak" name="severalgoods">
    <failure message="Could not initialize class com.mls.pay.access.common.CommonTest_bak" type="java.lang.NoClassDefFoundError">java.lang.NoClassDefFoundError: Could not initialize class com.mls.pay.access.common.CommonTest_bak
	at com.mls.pay.access.testcase.SeveralGoods_bak.severalgoods(SeveralGoods_bak.java:60)
</failure>
  </testcase>
  <testcase time="0" classname="com.mls.pay.access.testcase.SeveralGoods_bak" name="severalgoods">
    <failure message="Could not initialize class com.mls.pay.access.common.CommonTest_bak" type="java.lang.NoClassDefFoundError">java.lang.NoClassDefFoundError: Could not initialize class com.mls.pay.access.common.CommonTest_bak
	at com.mls.pay.access.testcase.SeveralGoods_bak.severalgoods(SeveralGoods_bak.java:60)
</failure>
  </testcase>
  <testcase time="0.001" classname="com.mls.pay.access.testcase.SeveralGoods_bak" name="severalgoods">
    <failure message="Could not initialize class com.mls.pay.access.common.CommonTest_bak" type="java.lang.NoClassDefFoundError">java.lang.NoClassDefFoundError: Could not initialize class com.mls.pay.access.common.CommonTest_bak
	at com.mls.pay.access.testcase.SeveralGoods_bak.severalgoods(SeveralGoods_bak.java:60)
</failure>
  </testcase>
  <testcase time="0" classname="com.mls.pay.access.testcase.SeveralGoods_bak" name="severalgoods">
    <failure message="Could not initialize class com.mls.pay.access.common.CommonTest_bak" type="java.lang.NoClassDefFoundError">java.lang.NoClassDefFoundError: Could not initialize class com.mls.pay.access.common.CommonTest_bak
	at com.mls.pay.access.testcase.SeveralGoods_bak.severalgoods(SeveralGoods_bak.java:60)
</failure>
  </testcase>
  <testcase time="0" classname="com.mls.pay.access.testcase.SeveralGoods_bak" name="severalgoods">
    <failure message="Could not initialize class com.mls.pay.access.common.CommonTest_bak" type="java.lang.NoClassDefFoundError">java.lang.NoClassDefFoundError: Could not initialize class com.mls.pay.access.common.CommonTest_bak
	at com.mls.pay.access.testcase.SeveralGoods_bak.severalgoods(SeveralGoods_bak.java:60)
</failure>
  </testcase>
  <testcase time="0" classname="com.mls.pay.access.testcase.SeveralGoods_bak" name="severalgoods">
    <failure message="Could not initialize class com.mls.pay.access.common.CommonTest_bak" type="java.lang.NoClassDefFoundError">java.lang.NoClassDefFoundError: Could not initialize class com.mls.pay.access.common.CommonTest_bak
	at com.mls.pay.access.testcase.SeveralGoods_bak.severalgoods(SeveralGoods_bak.java:60)
</failure>
  </testcase>
  <testcase time="0" classname="com.mls.pay.access.testcase.SeveralGoods_bak" name="severalgoods">
    <failure message="Could not initialize class com.mls.pay.access.common.CommonTest_bak" type="java.lang.NoClassDefFoundError">java.lang.NoClassDefFoundError: Could not initialize class com.mls.pay.access.common.CommonTest_bak
	at com.mls.pay.access.testcase.SeveralGoods_bak.severalgoods(SeveralGoods_bak.java:60)
</failure>
  </testcase>
  <testcase time="0.001" classname="com.mls.pay.access.testcase.SeveralGoods_bak" name="severalgoods">
    <failure message="Could not initialize class com.mls.pay.access.common.CommonTest_bak" type="java.lang.NoClassDefFoundError">java.lang.NoClassDefFoundError: Could not initialize class com.mls.pay.access.common.CommonTest_bak
	at com.mls.pay.access.testcase.SeveralGoods_bak.severalgoods(SeveralGoods_bak.java:60)
</failure>
  </testcase>
  <testcase time="0" classname="com.mls.pay.access.testcase.SeveralGoods_bak" name="severalgoods">
    <failure message="Could not initialize class com.mls.pay.access.common.CommonTest_bak" type="java.lang.NoClassDefFoundError">java.lang.NoClassDefFoundError: Could not initialize class com.mls.pay.access.common.CommonTest_bak
	at com.mls.pay.access.testcase.SeveralGoods_bak.severalgoods(SeveralGoods_bak.java:60)
</failure>
  </testcase>
</testsuite>