<?xml version="1.0" encoding="UTF-8"?>
<!-- Generated by org.testng.reporters.JUnitXMLReporter -->
<testsuite hostname="2014-300deMacBook-Pro.local" name="FreightCoupon" tests="28" failures="28" timestamp="18 Sep 2015 12:04:23 GMT" time="0.215" errors="0">
  <testcase name="freightcoupon" time="0.0" classname="com.mls.pay.access.testcase.FreightCoupon_bak">
    <failure type="java.lang.NoClassDefFoundError" message="Could not initialize class com.mls.pay.access.common.CommonTest_bak">
      <![CDATA[java.lang.NoClassDefFoundError: Could not initialize class com.mls.pay.access.common.CommonTest_bak
	at com.mls.pay.access.testcase.FreightCoupon_bak.freightcoupon(FreightCoupon_bak.java:63)
	at org.springframework.test.context.testng.AbstractTestNGSpringContextTests.run(AbstractTestNGSpringContextTests.java:158)
	at com.sun.proxy.$Proxy0.invoke(Unknown Source)
... Removed 34 stack frames]]>
    </failure>
  </testcase> <!-- freightcoupon -->
  <testcase name="freightcoupon" time="0.0" classname="com.mls.pay.access.testcase.FreightCoupon_bak">
    <failure type="java.lang.NoClassDefFoundError" message="Could not initialize class com.mls.pay.access.common.CommonTest_bak">
      <![CDATA[java.lang.NoClassDefFoundError: Could not initialize class com.mls.pay.access.common.CommonTest_bak
	at com.mls.pay.access.testcase.FreightCoupon_bak.freightcoupon(FreightCoupon_bak.java:63)
	at org.springframework.test.context.testng.AbstractTestNGSpringContextTests.run(AbstractTestNGSpringContextTests.java:158)
	at com.sun.proxy.$Proxy0.invoke(Unknown Source)
... Removed 34 stack frames]]>
    </failure>
  </testcase> <!-- freightcoupon -->
  <testcase name="freightcoupon" time="0.0" classname="com.mls.pay.access.testcase.FreightCoupon_bak">
    <failure type="java.lang.NoClassDefFoundError" message="Could not initialize class com.mls.pay.access.common.CommonTest_bak">
      <![CDATA[java.lang.NoClassDefFoundError: Could not initialize class com.mls.pay.access.common.CommonTest_bak
	at com.mls.pay.access.testcase.FreightCoupon_bak.freightcoupon(FreightCoupon_bak.java:63)
	at org.springframework.test.context.testng.AbstractTestNGSpringContextTests.run(AbstractTestNGSpringContextTests.java:158)
	at com.sun.proxy.$Proxy0.invoke(Unknown Source)
... Removed 34 stack frames]]>
    </failure>
  </testcase> <!-- freightcoupon -->
  <testcase name="freightcoupon" time="0.0" classname="com.mls.pay.access.testcase.FreightCoupon_bak">
    <failure type="java.lang.NoClassDefFoundError" message="Could not initialize class com.mls.pay.access.common.CommonTest_bak">
      <![CDATA[java.lang.NoClassDefFoundError: Could not initialize class com.mls.pay.access.common.CommonTest_bak
	at com.mls.pay.access.testcase.FreightCoupon_bak.freightcoupon(FreightCoupon_bak.java:63)
	at org.springframework.test.context.testng.AbstractTestNGSpringContextTests.run(AbstractTestNGSpringContextTests.java:158)
	at com.sun.proxy.$Proxy0.invoke(Unknown Source)
... Removed 34 stack frames]]>
    </failure>
  </testcase> <!-- freightcoupon -->
  <testcase name="freightcoupon" time="0.0" classname="com.mls.pay.access.testcase.FreightCoupon_bak">
    <failure type="java.lang.NoClassDefFoundError" message="Could not initialize class com.mls.pay.access.common.CommonTest_bak">
      <![CDATA[java.lang.NoClassDefFoundError: Could not initialize class com.mls.pay.access.common.CommonTest_bak
	at com.mls.pay.access.testcase.FreightCoupon_bak.freightcoupon(FreightCoupon_bak.java:63)
	at org.springframework.test.context.testng.AbstractTestNGSpringContextTests.run(AbstractTestNGSpringContextTests.java:158)
	at com.sun.proxy.$Proxy0.invoke(Unknown Source)
... Removed 34 stack frames]]>
    </failure>
  </testcase> <!-- freightcoupon -->
  <testcase name="freightcoupon" time="0.0" classname="com.mls.pay.access.testcase.FreightCoupon_bak">
    <failure type="java.lang.NoClassDefFoundError" message="Could not initialize class com.mls.pay.access.common.CommonTest_bak">
      <![CDATA[java.lang.NoClassDefFoundError: Could not initialize class com.mls.pay.access.common.CommonTest_bak
	at com.mls.pay.access.testcase.FreightCoupon_bak.freightcoupon(FreightCoupon_bak.java:63)
	at org.springframework.test.context.testng.AbstractTestNGSpringContextTests.run(AbstractTestNGSpringContextTests.java:158)
	at com.sun.proxy.$Proxy0.invoke(Unknown Source)
... Removed 34 stack frames]]>
    </failure>
  </testcase> <!-- freightcoupon -->
  <testcase name="freightcoupon" time="0.0" classname="com.mls.pay.access.testcase.FreightCoupon_bak">
    <failure type="java.lang.NoClassDefFoundError" message="Could not initialize class com.mls.pay.access.common.CommonTest_bak">
      <![CDATA[java.lang.NoClassDefFoundError: Could not initialize class com.mls.pay.access.common.CommonTest_bak
	at com.mls.pay.access.testcase.FreightCoupon_bak.freightcoupon(FreightCoupon_bak.java:63)
	at org.springframework.test.context.testng.AbstractTestNGSpringContextTests.run(AbstractTestNGSpringContextTests.java:158)
	at com.sun.proxy.$Proxy0.invoke(Unknown Source)
... Removed 34 stack frames]]>
    </failure>
  </testcase> <!-- freightcoupon -->
  <testcase name="freightcoupon" time="0.0" classname="com.mls.pay.access.testcase.FreightCoupon_bak">
    <failure type="java.lang.NoClassDefFoundError" message="Could not initialize class com.mls.pay.access.common.CommonTest_bak">
      <![CDATA[java.lang.NoClassDefFoundError: Could not initialize class com.mls.pay.access.common.CommonTest_bak
	at com.mls.pay.access.testcase.FreightCoupon_bak.freightcoupon(FreightCoupon_bak.java:63)
	at org.springframework.test.context.testng.AbstractTestNGSpringContextTests.run(AbstractTestNGSpringContextTests.java:158)
	at com.sun.proxy.$Proxy0.invoke(Unknown Source)
... Removed 34 stack frames]]>
    </failure>
  </testcase> <!-- freightcoupon -->
  <testcase name="freightcoupon" time="0.0" classname="com.mls.pay.access.testcase.FreightCoupon_bak">
    <failure type="java.lang.NoClassDefFoundError" message="Could not initialize class com.mls.pay.access.common.CommonTest_bak">
      <![CDATA[java.lang.NoClassDefFoundError: Could not initialize class com.mls.pay.access.common.CommonTest_bak
	at com.mls.pay.access.testcase.FreightCoupon_bak.freightcoupon(FreightCoupon_bak.java:63)
	at org.springframework.test.context.testng.AbstractTestNGSpringContextTests.run(AbstractTestNGSpringContextTests.java:158)
	at com.sun.proxy.$Proxy0.invoke(Unknown Source)
... Removed 34 stack frames]]>
    </failure>
  </testcase> <!-- freightcoupon -->
  <testcase name="freightcoupon" time="0.0" classname="com.mls.pay.access.testcase.FreightCoupon_bak">
    <failure type="java.lang.NoClassDefFoundError" message="Could not initialize class com.mls.pay.access.common.CommonTest_bak">
      <![CDATA[java.lang.NoClassDefFoundError: Could not initialize class com.mls.pay.access.common.CommonTest_bak
	at com.mls.pay.access.testcase.FreightCoupon_bak.freightcoupon(FreightCoupon_bak.java:63)
	at org.springframework.test.context.testng.AbstractTestNGSpringContextTests.run(AbstractTestNGSpringContextTests.java:158)
	at com.sun.proxy.$Proxy0.invoke(Unknown Source)
... Removed 34 stack frames]]>
    </failure>
  </testcase> <!-- freightcoupon -->
  <testcase name="freightcoupon" time="0.001" classname="com.mls.pay.access.testcase.FreightCoupon_bak">
    <failure type="java.lang.NoClassDefFoundError" message="Could not initialize class com.mls.pay.access.common.CommonTest_bak">
      <![CDATA[java.lang.NoClassDefFoundError: Could not initialize class com.mls.pay.access.common.CommonTest_bak
	at com.mls.pay.access.testcase.FreightCoupon_bak.freightcoupon(FreightCoupon_bak.java:63)
	at org.springframework.test.context.testng.AbstractTestNGSpringContextTests.run(AbstractTestNGSpringContextTests.java:158)
	at com.sun.proxy.$Proxy0.invoke(Unknown Source)
... Removed 34 stack frames]]>
    </failure>
  </testcase> <!-- freightcoupon -->
  <testcase name="freightcoupon" time="0.001" classname="com.mls.pay.access.testcase.FreightCoupon_bak">
    <failure type="java.lang.NoClassDefFoundError" message="Could not initialize class com.mls.pay.access.common.CommonTest_bak">
      <![CDATA[java.lang.NoClassDefFoundError: Could not initialize class com.mls.pay.access.common.CommonTest_bak
	at com.mls.pay.access.testcase.FreightCoupon_bak.freightcoupon(FreightCoupon_bak.java:63)
	at org.springframework.test.context.testng.AbstractTestNGSpringContextTests.run(AbstractTestNGSpringContextTests.java:158)
	at com.sun.proxy.$Proxy0.invoke(Unknown Source)
... Removed 34 stack frames]]>
    </failure>
  </testcase> <!-- freightcoupon -->
  <testcase name="freightcoupon" time="0.0" classname="com.mls.pay.access.testcase.FreightCoupon_bak">
    <failure type="java.lang.NoClassDefFoundError" message="Could not initialize class com.mls.pay.access.common.CommonTest_bak">
      <![CDATA[java.lang.NoClassDefFoundError: Could not initialize class com.mls.pay.access.common.CommonTest_bak
	at com.mls.pay.access.testcase.FreightCoupon_bak.freightcoupon(FreightCoupon_bak.java:63)
	at org.springframework.test.context.testng.AbstractTestNGSpringContextTests.run(AbstractTestNGSpringContextTests.java:158)
	at com.sun.proxy.$Proxy0.invoke(Unknown Source)
... Removed 34 stack frames]]>
    </failure>
  </testcase> <!-- freightcoupon -->
  <testcase name="freightcoupon" time="0.0" classname="com.mls.pay.access.testcase.FreightCoupon_bak">
    <failure type="java.lang.NoClassDefFoundError" message="Could not initialize class com.mls.pay.access.common.CommonTest_bak">
      <![CDATA[java.lang.NoClassDefFoundError: Could not initialize class com.mls.pay.access.common.CommonTest_bak
	at com.mls.pay.access.testcase.FreightCoupon_bak.freightcoupon(FreightCoupon_bak.java:63)
	at org.springframework.test.context.testng.AbstractTestNGSpringContextTests.run(AbstractTestNGSpringContextTests.java:158)
	at com.sun.proxy.$Proxy0.invoke(Unknown Source)
... Removed 34 stack frames]]>
    </failure>
  </testcase> <!-- freightcoupon -->
  <testcase name="freightcoupon" time="0.0" classname="com.mls.pay.access.testcase.FreightCoupon_bak">
    <failure type="java.lang.NoClassDefFoundError" message="Could not initialize class com.mls.pay.access.common.CommonTest_bak">
      <![CDATA[java.lang.NoClassDefFoundError: Could not initialize class com.mls.pay.access.common.CommonTest_bak
	at com.mls.pay.access.testcase.FreightCoupon_bak.freightcoupon(FreightCoupon_bak.java:63)
	at org.springframework.test.context.testng.AbstractTestNGSpringContextTests.run(AbstractTestNGSpringContextTests.java:158)
	at com.sun.proxy.$Proxy0.invoke(Unknown Source)
... Removed 34 stack frames]]>
    </failure>
  </testcase> <!-- freightcoupon -->
  <testcase name="freightcoupon" time="0.001" classname="com.mls.pay.access.testcase.FreightCoupon_bak">
    <failure type="java.lang.NoClassDefFoundError" message="Could not initialize class com.mls.pay.access.common.CommonTest_bak">
      <![CDATA[java.lang.NoClassDefFoundError: Could not initialize class com.mls.pay.access.common.CommonTest_bak
	at com.mls.pay.access.testcase.FreightCoupon_bak.freightcoupon(FreightCoupon_bak.java:63)
	at org.springframework.test.context.testng.AbstractTestNGSpringContextTests.run(AbstractTestNGSpringContextTests.java:158)
	at com.sun.proxy.$Proxy0.invoke(Unknown Source)
... Removed 34 stack frames]]>
    </failure>
  </testcase> <!-- freightcoupon -->
  <testcase name="freightcoupon" time="0.001" classname="com.mls.pay.access.testcase.FreightCoupon_bak">
    <failure type="java.lang.NoClassDefFoundError" message="Could not initialize class com.mls.pay.access.common.CommonTest_bak">
      <![CDATA[java.lang.NoClassDefFoundError: Could not initialize class com.mls.pay.access.common.CommonTest_bak
	at com.mls.pay.access.testcase.FreightCoupon_bak.freightcoupon(FreightCoupon_bak.java:63)
	at org.springframework.test.context.testng.AbstractTestNGSpringContextTests.run(AbstractTestNGSpringContextTests.java:158)
	at com.sun.proxy.$Proxy0.invoke(Unknown Source)
... Removed 33 stack frames]]>
    </failure>
  </testcase> <!-- freightcoupon -->
  <testcase name="freightcoupon" time="0.001" classname="com.mls.pay.access.testcase.FreightCoupon_bak">
    <failure type="java.lang.NoClassDefFoundError" message="Could not initialize class com.mls.pay.access.common.CommonTest_bak">
      <![CDATA[java.lang.NoClassDefFoundError: Could not initialize class com.mls.pay.access.common.CommonTest_bak
	at com.mls.pay.access.testcase.FreightCoupon_bak.freightcoupon(FreightCoupon_bak.java:63)
	at org.springframework.test.context.testng.AbstractTestNGSpringContextTests.run(AbstractTestNGSpringContextTests.java:158)
	at com.sun.proxy.$Proxy0.invoke(Unknown Source)
... Removed 33 stack frames]]>
    </failure>
  </testcase> <!-- freightcoupon -->
  <testcase name="freightcoupon" time="0.001" classname="com.mls.pay.access.testcase.FreightCoupon_bak">
    <failure type="java.lang.NoClassDefFoundError" message="Could not initialize class com.mls.pay.access.common.CommonTest_bak">
      <![CDATA[java.lang.NoClassDefFoundError: Could not initialize class com.mls.pay.access.common.CommonTest_bak
	at com.mls.pay.access.testcase.FreightCoupon_bak.freightcoupon(FreightCoupon_bak.java:63)
	at org.springframework.test.context.testng.AbstractTestNGSpringContextTests.run(AbstractTestNGSpringContextTests.java:158)
	at com.sun.proxy.$Proxy0.invoke(Unknown Source)
... Removed 33 stack frames]]>
    </failure>
  </testcase> <!-- freightcoupon -->
  <testcase name="freightcoupon" time="0.0" classname="com.mls.pay.access.testcase.FreightCoupon_bak">
    <failure type="java.lang.NoClassDefFoundError" message="Could not initialize class com.mls.pay.access.common.CommonTest_bak">
      <![CDATA[java.lang.NoClassDefFoundError: Could not initialize class com.mls.pay.access.common.CommonTest_bak
	at com.mls.pay.access.testcase.FreightCoupon_bak.freightcoupon(FreightCoupon_bak.java:63)
	at org.springframework.test.context.testng.AbstractTestNGSpringContextTests.run(AbstractTestNGSpringContextTests.java:158)
	at com.sun.proxy.$Proxy0.invoke(Unknown Source)
... Removed 33 stack frames]]>
    </failure>
  </testcase> <!-- freightcoupon -->
  <testcase name="freightcoupon" time="0.0" classname="com.mls.pay.access.testcase.FreightCoupon_bak">
    <failure type="java.lang.NoClassDefFoundError" message="Could not initialize class com.mls.pay.access.common.CommonTest_bak">
      <![CDATA[java.lang.NoClassDefFoundError: Could not initialize class com.mls.pay.access.common.CommonTest_bak
	at com.mls.pay.access.testcase.FreightCoupon_bak.freightcoupon(FreightCoupon_bak.java:63)
	at org.springframework.test.context.testng.AbstractTestNGSpringContextTests.run(AbstractTestNGSpringContextTests.java:158)
	at com.sun.proxy.$Proxy0.invoke(Unknown Source)
... Removed 33 stack frames]]>
    </failure>
  </testcase> <!-- freightcoupon -->
  <testcase name="freightcoupon" time="0.0" classname="com.mls.pay.access.testcase.FreightCoupon_bak">
    <failure type="java.lang.NoClassDefFoundError" message="Could not initialize class com.mls.pay.access.common.CommonTest_bak">
      <![CDATA[java.lang.NoClassDefFoundError: Could not initialize class com.mls.pay.access.common.CommonTest_bak
	at com.mls.pay.access.testcase.FreightCoupon_bak.freightcoupon(FreightCoupon_bak.java:63)
	at org.springframework.test.context.testng.AbstractTestNGSpringContextTests.run(AbstractTestNGSpringContextTests.java:158)
	at com.sun.proxy.$Proxy0.invoke(Unknown Source)
... Removed 33 stack frames]]>
    </failure>
  </testcase> <!-- freightcoupon -->
  <testcase name="freightcoupon" time="0.0" classname="com.mls.pay.access.testcase.FreightCoupon_bak">
    <failure type="java.lang.NoClassDefFoundError" message="Could not initialize class com.mls.pay.access.common.CommonTest_bak">
      <![CDATA[java.lang.NoClassDefFoundError: Could not initialize class com.mls.pay.access.common.CommonTest_bak
	at com.mls.pay.access.testcase.FreightCoupon_bak.freightcoupon(FreightCoupon_bak.java:63)
	at org.springframework.test.context.testng.AbstractTestNGSpringContextTests.run(AbstractTestNGSpringContextTests.java:158)
	at com.sun.proxy.$Proxy0.invoke(Unknown Source)
... Removed 33 stack frames]]>
    </failure>
  </testcase> <!-- freightcoupon -->
  <testcase name="freightcoupon" time="0.001" classname="com.mls.pay.access.testcase.FreightCoupon_bak">
    <failure type="java.lang.NoClassDefFoundError" message="Could not initialize class com.mls.pay.access.common.CommonTest_bak">
      <![CDATA[java.lang.NoClassDefFoundError: Could not initialize class com.mls.pay.access.common.CommonTest_bak
	at com.mls.pay.access.testcase.FreightCoupon_bak.freightcoupon(FreightCoupon_bak.java:63)
	at org.springframework.test.context.testng.AbstractTestNGSpringContextTests.run(AbstractTestNGSpringContextTests.java:158)
	at com.sun.proxy.$Proxy0.invoke(Unknown Source)
... Removed 33 stack frames]]>
    </failure>
  </testcase> <!-- freightcoupon -->
  <testcase name="freightcoupon" time="0.0" classname="com.mls.pay.access.testcase.FreightCoupon_bak">
    <failure type="java.lang.NoClassDefFoundError" message="Could not initialize class com.mls.pay.access.common.CommonTest_bak">
      <![CDATA[java.lang.NoClassDefFoundError: Could not initialize class com.mls.pay.access.common.CommonTest_bak
	at com.mls.pay.access.testcase.FreightCoupon_bak.freightcoupon(FreightCoupon_bak.java:63)
	at org.springframework.test.context.testng.AbstractTestNGSpringContextTests.run(AbstractTestNGSpringContextTests.java:158)
	at com.sun.proxy.$Proxy0.invoke(Unknown Source)
... Removed 33 stack frames]]>
    </failure>
  </testcase> <!-- freightcoupon -->
  <testcase name="freightcoupon" time="0.0" classname="com.mls.pay.access.testcase.FreightCoupon_bak">
    <failure type="java.lang.NoClassDefFoundError" message="Could not initialize class com.mls.pay.access.common.CommonTest_bak">
      <![CDATA[java.lang.NoClassDefFoundError: Could not initialize class com.mls.pay.access.common.CommonTest_bak
	at com.mls.pay.access.testcase.FreightCoupon_bak.freightcoupon(FreightCoupon_bak.java:63)
	at org.springframework.test.context.testng.AbstractTestNGSpringContextTests.run(AbstractTestNGSpringContextTests.java:158)
	at com.sun.proxy.$Proxy0.invoke(Unknown Source)
... Removed 33 stack frames]]>
    </failure>
  </testcase> <!-- freightcoupon -->
  <testcase name="freightcoupon" time="0.0" classname="com.mls.pay.access.testcase.FreightCoupon_bak">
    <failure type="java.lang.NoClassDefFoundError" message="Could not initialize class com.mls.pay.access.common.CommonTest_bak">
      <![CDATA[java.lang.NoClassDefFoundError: Could not initialize class com.mls.pay.access.common.CommonTest_bak
	at com.mls.pay.access.testcase.FreightCoupon_bak.freightcoupon(FreightCoupon_bak.java:63)
	at org.springframework.test.context.testng.AbstractTestNGSpringContextTests.run(AbstractTestNGSpringContextTests.java:158)
	at com.sun.proxy.$Proxy0.invoke(Unknown Source)
... Removed 33 stack frames]]>
    </failure>
  </testcase> <!-- freightcoupon -->
  <testcase name="freightcoupon" time="0.0" classname="com.mls.pay.access.testcase.FreightCoupon_bak">
    <failure type="java.lang.NoClassDefFoundError" message="Could not initialize class com.mls.pay.access.common.CommonTest_bak">
      <![CDATA[java.lang.NoClassDefFoundError: Could not initialize class com.mls.pay.access.common.CommonTest_bak
	at com.mls.pay.access.testcase.FreightCoupon_bak.freightcoupon(FreightCoupon_bak.java:63)
	at org.springframework.test.context.testng.AbstractTestNGSpringContextTests.run(AbstractTestNGSpringContextTests.java:158)
	at com.sun.proxy.$Proxy0.invoke(Unknown Source)
... Removed 33 stack frames]]>
    </failure>
  </testcase> <!-- freightcoupon -->
</testsuite> <!-- FreightCoupon -->
