<?xml version="1.0" encoding="UTF-8"?>
<!-- Generated by org.testng.reporters.JUnitXMLReporter -->
<testsuite hostname="2014-300deMacBook-Pro.local" name="NormalOrder" tests="28" failures="28" timestamp="18 Sep 2015 12:04:23 GMT" time="80.299" errors="0">
  <testcase name="normalorder" time="79.765" classname="com.mls.pay.access.testcase.NormalOrder_bak">
    <failure type="java.lang.ExceptionInInitializerError">
      <![CDATA[java.lang.ExceptionInInitializerError
	at com.mls.pay.access.common.CommonTest_bak.<clinit>(CommonTest_bak.java:21)
	at com.mls.pay.access.testcase.NormalOrder_bak.normalorder(NormalOrder_bak.java:61)
	at org.springframework.test.context.testng.AbstractTestNGSpringContextTests.run(AbstractTestNGSpringContextTests.java:158)
	at com.sun.proxy.$Proxy0.invoke(Unknown Source)
Caused by: java.lang.NullPointerException
	at com.mls.pay.access.common.CheckData.check_userAccount(CheckData.java:398)
	at com.mls.pay.access.common.CommonMethod.<clinit>(CommonMethod.java:115)
	... 38 more
... Removed 34 stack frames]]>
    </failure>
  </testcase> <!-- normalorder -->
  <testcase name="normalorder" time="0.0" classname="com.mls.pay.access.testcase.NormalOrder_bak">
    <failure type="java.lang.NoClassDefFoundError" message="Could not initialize class com.mls.pay.access.common.CommonTest_bak">
      <![CDATA[java.lang.NoClassDefFoundError: Could not initialize class com.mls.pay.access.common.CommonTest_bak
	at com.mls.pay.access.testcase.NormalOrder_bak.normalorder(NormalOrder_bak.java:61)
	at org.springframework.test.context.testng.AbstractTestNGSpringContextTests.run(AbstractTestNGSpringContextTests.java:158)
	at com.sun.proxy.$Proxy0.invoke(Unknown Source)
... Removed 34 stack frames]]>
    </failure>
  </testcase> <!-- normalorder -->
  <testcase name="normalorder" time="0.0" classname="com.mls.pay.access.testcase.NormalOrder_bak">
    <failure type="java.lang.NoClassDefFoundError" message="Could not initialize class com.mls.pay.access.common.CommonTest_bak">
      <![CDATA[java.lang.NoClassDefFoundError: Could not initialize class com.mls.pay.access.common.CommonTest_bak
	at com.mls.pay.access.testcase.NormalOrder_bak.normalorder(NormalOrder_bak.java:61)
	at org.springframework.test.context.testng.AbstractTestNGSpringContextTests.run(AbstractTestNGSpringContextTests.java:158)
	at com.sun.proxy.$Proxy0.invoke(Unknown Source)
... Removed 34 stack frames]]>
    </failure>
  </testcase> <!-- normalorder -->
  <testcase name="normalorder" time="0.0" classname="com.mls.pay.access.testcase.NormalOrder_bak">
    <failure type="java.lang.NoClassDefFoundError" message="Could not initialize class com.mls.pay.access.common.CommonTest_bak">
      <![CDATA[java.lang.NoClassDefFoundError: Could not initialize class com.mls.pay.access.common.CommonTest_bak
	at com.mls.pay.access.testcase.NormalOrder_bak.normalorder(NormalOrder_bak.java:61)
	at org.springframework.test.context.testng.AbstractTestNGSpringContextTests.run(AbstractTestNGSpringContextTests.java:158)
	at com.sun.proxy.$Proxy0.invoke(Unknown Source)
... Removed 34 stack frames]]>
    </failure>
  </testcase> <!-- normalorder -->
  <testcase name="normalorder" time="0.0" classname="com.mls.pay.access.testcase.NormalOrder_bak">
    <failure type="java.lang.NoClassDefFoundError" message="Could not initialize class com.mls.pay.access.common.CommonTest_bak">
      <![CDATA[java.lang.NoClassDefFoundError: Could not initialize class com.mls.pay.access.common.CommonTest_bak
	at com.mls.pay.access.testcase.NormalOrder_bak.normalorder(NormalOrder_bak.java:61)
	at org.springframework.test.context.testng.AbstractTestNGSpringContextTests.run(AbstractTestNGSpringContextTests.java:158)
	at com.sun.proxy.$Proxy0.invoke(Unknown Source)
... Removed 34 stack frames]]>
    </failure>
  </testcase> <!-- normalorder -->
  <testcase name="normalorder" time="0.001" classname="com.mls.pay.access.testcase.NormalOrder_bak">
    <failure type="java.lang.NoClassDefFoundError" message="Could not initialize class com.mls.pay.access.common.CommonTest_bak">
      <![CDATA[java.lang.NoClassDefFoundError: Could not initialize class com.mls.pay.access.common.CommonTest_bak
	at com.mls.pay.access.testcase.NormalOrder_bak.normalorder(NormalOrder_bak.java:61)
	at org.springframework.test.context.testng.AbstractTestNGSpringContextTests.run(AbstractTestNGSpringContextTests.java:158)
	at com.sun.proxy.$Proxy0.invoke(Unknown Source)
... Removed 34 stack frames]]>
    </failure>
  </testcase> <!-- normalorder -->
  <testcase name="normalorder" time="0.0" classname="com.mls.pay.access.testcase.NormalOrder_bak">
    <failure type="java.lang.NoClassDefFoundError" message="Could not initialize class com.mls.pay.access.common.CommonTest_bak">
      <![CDATA[java.lang.NoClassDefFoundError: Could not initialize class com.mls.pay.access.common.CommonTest_bak
	at com.mls.pay.access.testcase.NormalOrder_bak.normalorder(NormalOrder_bak.java:61)
	at org.springframework.test.context.testng.AbstractTestNGSpringContextTests.run(AbstractTestNGSpringContextTests.java:158)
	at com.sun.proxy.$Proxy0.invoke(Unknown Source)
... Removed 34 stack frames]]>
    </failure>
  </testcase> <!-- normalorder -->
  <testcase name="normalorder" time="0.0" classname="com.mls.pay.access.testcase.NormalOrder_bak">
    <failure type="java.lang.NoClassDefFoundError" message="Could not initialize class com.mls.pay.access.common.CommonTest_bak">
      <![CDATA[java.lang.NoClassDefFoundError: Could not initialize class com.mls.pay.access.common.CommonTest_bak
	at com.mls.pay.access.testcase.NormalOrder_bak.normalorder(NormalOrder_bak.java:61)
	at org.springframework.test.context.testng.AbstractTestNGSpringContextTests.run(AbstractTestNGSpringContextTests.java:158)
	at com.sun.proxy.$Proxy0.invoke(Unknown Source)
... Removed 34 stack frames]]>
    </failure>
  </testcase> <!-- normalorder -->
  <testcase name="normalorder" time="0.001" classname="com.mls.pay.access.testcase.NormalOrder_bak">
    <failure type="java.lang.NoClassDefFoundError" message="Could not initialize class com.mls.pay.access.common.CommonTest_bak">
      <![CDATA[java.lang.NoClassDefFoundError: Could not initialize class com.mls.pay.access.common.CommonTest_bak
	at com.mls.pay.access.testcase.NormalOrder_bak.normalorder(NormalOrder_bak.java:61)
	at org.springframework.test.context.testng.AbstractTestNGSpringContextTests.run(AbstractTestNGSpringContextTests.java:158)
	at com.sun.proxy.$Proxy0.invoke(Unknown Source)
... Removed 34 stack frames]]>
    </failure>
  </testcase> <!-- normalorder -->
  <testcase name="normalorder" time="0.0" classname="com.mls.pay.access.testcase.NormalOrder_bak">
    <failure type="java.lang.NoClassDefFoundError" message="Could not initialize class com.mls.pay.access.common.CommonTest_bak">
      <![CDATA[java.lang.NoClassDefFoundError: Could not initialize class com.mls.pay.access.common.CommonTest_bak
	at com.mls.pay.access.testcase.NormalOrder_bak.normalorder(NormalOrder_bak.java:61)
	at org.springframework.test.context.testng.AbstractTestNGSpringContextTests.run(AbstractTestNGSpringContextTests.java:158)
	at com.sun.proxy.$Proxy0.invoke(Unknown Source)
... Removed 34 stack frames]]>
    </failure>
  </testcase> <!-- normalorder -->
  <testcase name="normalorder" time="0.0" classname="com.mls.pay.access.testcase.NormalOrder_bak">
    <failure type="java.lang.NoClassDefFoundError" message="Could not initialize class com.mls.pay.access.common.CommonTest_bak">
      <![CDATA[java.lang.NoClassDefFoundError: Could not initialize class com.mls.pay.access.common.CommonTest_bak
	at com.mls.pay.access.testcase.NormalOrder_bak.normalorder(NormalOrder_bak.java:61)
	at org.springframework.test.context.testng.AbstractTestNGSpringContextTests.run(AbstractTestNGSpringContextTests.java:158)
	at com.sun.proxy.$Proxy0.invoke(Unknown Source)
... Removed 34 stack frames]]>
    </failure>
  </testcase> <!-- normalorder -->
  <testcase name="normalorder" time="0.0" classname="com.mls.pay.access.testcase.NormalOrder_bak">
    <failure type="java.lang.NoClassDefFoundError" message="Could not initialize class com.mls.pay.access.common.CommonTest_bak">
      <![CDATA[java.lang.NoClassDefFoundError: Could not initialize class com.mls.pay.access.common.CommonTest_bak
	at com.mls.pay.access.testcase.NormalOrder_bak.normalorder(NormalOrder_bak.java:61)
	at org.springframework.test.context.testng.AbstractTestNGSpringContextTests.run(AbstractTestNGSpringContextTests.java:158)
	at com.sun.proxy.$Proxy0.invoke(Unknown Source)
... Removed 34 stack frames]]>
    </failure>
  </testcase> <!-- normalorder -->
  <testcase name="normalorder" time="0.0" classname="com.mls.pay.access.testcase.NormalOrder_bak">
    <failure type="java.lang.NoClassDefFoundError" message="Could not initialize class com.mls.pay.access.common.CommonTest_bak">
      <![CDATA[java.lang.NoClassDefFoundError: Could not initialize class com.mls.pay.access.common.CommonTest_bak
	at com.mls.pay.access.testcase.NormalOrder_bak.normalorder(NormalOrder_bak.java:61)
	at org.springframework.test.context.testng.AbstractTestNGSpringContextTests.run(AbstractTestNGSpringContextTests.java:158)
	at com.sun.proxy.$Proxy0.invoke(Unknown Source)
... Removed 34 stack frames]]>
    </failure>
  </testcase> <!-- normalorder -->
  <testcase name="normalorder" time="0.001" classname="com.mls.pay.access.testcase.NormalOrder_bak">
    <failure type="java.lang.NoClassDefFoundError" message="Could not initialize class com.mls.pay.access.common.CommonTest_bak">
      <![CDATA[java.lang.NoClassDefFoundError: Could not initialize class com.mls.pay.access.common.CommonTest_bak
	at com.mls.pay.access.testcase.NormalOrder_bak.normalorder(NormalOrder_bak.java:61)
	at org.springframework.test.context.testng.AbstractTestNGSpringContextTests.run(AbstractTestNGSpringContextTests.java:158)
	at com.sun.proxy.$Proxy0.invoke(Unknown Source)
... Removed 34 stack frames]]>
    </failure>
  </testcase> <!-- normalorder -->
  <testcase name="normalorder" time="0.0" classname="com.mls.pay.access.testcase.NormalOrder_bak">
    <failure type="java.lang.NoClassDefFoundError" message="Could not initialize class com.mls.pay.access.common.CommonTest_bak">
      <![CDATA[java.lang.NoClassDefFoundError: Could not initialize class com.mls.pay.access.common.CommonTest_bak
	at com.mls.pay.access.testcase.NormalOrder_bak.normalorder(NormalOrder_bak.java:61)
	at org.springframework.test.context.testng.AbstractTestNGSpringContextTests.run(AbstractTestNGSpringContextTests.java:158)
	at com.sun.proxy.$Proxy0.invoke(Unknown Source)
... Removed 34 stack frames]]>
    </failure>
  </testcase> <!-- normalorder -->
  <testcase name="normalorder" time="0.0" classname="com.mls.pay.access.testcase.NormalOrder_bak">
    <failure type="java.lang.NoClassDefFoundError" message="Could not initialize class com.mls.pay.access.common.CommonTest_bak">
      <![CDATA[java.lang.NoClassDefFoundError: Could not initialize class com.mls.pay.access.common.CommonTest_bak
	at com.mls.pay.access.testcase.NormalOrder_bak.normalorder(NormalOrder_bak.java:61)
	at org.springframework.test.context.testng.AbstractTestNGSpringContextTests.run(AbstractTestNGSpringContextTests.java:158)
	at com.sun.proxy.$Proxy0.invoke(Unknown Source)
... Removed 34 stack frames]]>
    </failure>
  </testcase> <!-- normalorder -->
  <testcase name="normalorder" time="0.001" classname="com.mls.pay.access.testcase.NormalOrder_bak">
    <failure type="java.lang.NoClassDefFoundError" message="Could not initialize class com.mls.pay.access.common.CommonTest_bak">
      <![CDATA[java.lang.NoClassDefFoundError: Could not initialize class com.mls.pay.access.common.CommonTest_bak
	at com.mls.pay.access.testcase.NormalOrder_bak.normalorder(NormalOrder_bak.java:61)
	at org.springframework.test.context.testng.AbstractTestNGSpringContextTests.run(AbstractTestNGSpringContextTests.java:158)
	at com.sun.proxy.$Proxy0.invoke(Unknown Source)
... Removed 33 stack frames]]>
    </failure>
  </testcase> <!-- normalorder -->
  <testcase name="normalorder" time="0.0" classname="com.mls.pay.access.testcase.NormalOrder_bak">
    <failure type="java.lang.NoClassDefFoundError" message="Could not initialize class com.mls.pay.access.common.CommonTest_bak">
      <![CDATA[java.lang.NoClassDefFoundError: Could not initialize class com.mls.pay.access.common.CommonTest_bak
	at com.mls.pay.access.testcase.NormalOrder_bak.normalorder(NormalOrder_bak.java:61)
	at org.springframework.test.context.testng.AbstractTestNGSpringContextTests.run(AbstractTestNGSpringContextTests.java:158)
	at com.sun.proxy.$Proxy0.invoke(Unknown Source)
... Removed 33 stack frames]]>
    </failure>
  </testcase> <!-- normalorder -->
  <testcase name="normalorder" time="0.0" classname="com.mls.pay.access.testcase.NormalOrder_bak">
    <failure type="java.lang.NoClassDefFoundError" message="Could not initialize class com.mls.pay.access.common.CommonTest_bak">
      <![CDATA[java.lang.NoClassDefFoundError: Could not initialize class com.mls.pay.access.common.CommonTest_bak
	at com.mls.pay.access.testcase.NormalOrder_bak.normalorder(NormalOrder_bak.java:61)
	at org.springframework.test.context.testng.AbstractTestNGSpringContextTests.run(AbstractTestNGSpringContextTests.java:158)
	at com.sun.proxy.$Proxy0.invoke(Unknown Source)
... Removed 33 stack frames]]>
    </failure>
  </testcase> <!-- normalorder -->
  <testcase name="normalorder" time="0.0" classname="com.mls.pay.access.testcase.NormalOrder_bak">
    <failure type="java.lang.NoClassDefFoundError" message="Could not initialize class com.mls.pay.access.common.CommonTest_bak">
      <![CDATA[java.lang.NoClassDefFoundError: Could not initialize class com.mls.pay.access.common.CommonTest_bak
	at com.mls.pay.access.testcase.NormalOrder_bak.normalorder(NormalOrder_bak.java:61)
	at org.springframework.test.context.testng.AbstractTestNGSpringContextTests.run(AbstractTestNGSpringContextTests.java:158)
	at com.sun.proxy.$Proxy0.invoke(Unknown Source)
... Removed 33 stack frames]]>
    </failure>
  </testcase> <!-- normalorder -->
  <testcase name="normalorder" time="0.0" classname="com.mls.pay.access.testcase.NormalOrder_bak">
    <failure type="java.lang.NoClassDefFoundError" message="Could not initialize class com.mls.pay.access.common.CommonTest_bak">
      <![CDATA[java.lang.NoClassDefFoundError: Could not initialize class com.mls.pay.access.common.CommonTest_bak
	at com.mls.pay.access.testcase.NormalOrder_bak.normalorder(NormalOrder_bak.java:61)
	at org.springframework.test.context.testng.AbstractTestNGSpringContextTests.run(AbstractTestNGSpringContextTests.java:158)
	at com.sun.proxy.$Proxy0.invoke(Unknown Source)
... Removed 33 stack frames]]>
    </failure>
  </testcase> <!-- normalorder -->
  <testcase name="normalorder" time="0.0" classname="com.mls.pay.access.testcase.NormalOrder_bak">
    <failure type="java.lang.NoClassDefFoundError" message="Could not initialize class com.mls.pay.access.common.CommonTest_bak">
      <![CDATA[java.lang.NoClassDefFoundError: Could not initialize class com.mls.pay.access.common.CommonTest_bak
	at com.mls.pay.access.testcase.NormalOrder_bak.normalorder(NormalOrder_bak.java:61)
	at org.springframework.test.context.testng.AbstractTestNGSpringContextTests.run(AbstractTestNGSpringContextTests.java:158)
	at com.sun.proxy.$Proxy0.invoke(Unknown Source)
... Removed 33 stack frames]]>
    </failure>
  </testcase> <!-- normalorder -->
  <testcase name="normalorder" time="0.0" classname="com.mls.pay.access.testcase.NormalOrder_bak">
    <failure type="java.lang.NoClassDefFoundError" message="Could not initialize class com.mls.pay.access.common.CommonTest_bak">
      <![CDATA[java.lang.NoClassDefFoundError: Could not initialize class com.mls.pay.access.common.CommonTest_bak
	at com.mls.pay.access.testcase.NormalOrder_bak.normalorder(NormalOrder_bak.java:61)
	at org.springframework.test.context.testng.AbstractTestNGSpringContextTests.run(AbstractTestNGSpringContextTests.java:158)
	at com.sun.proxy.$Proxy0.invoke(Unknown Source)
... Removed 33 stack frames]]>
    </failure>
  </testcase> <!-- normalorder -->
  <testcase name="normalorder" time="0.0" classname="com.mls.pay.access.testcase.NormalOrder_bak">
    <failure type="java.lang.NoClassDefFoundError" message="Could not initialize class com.mls.pay.access.common.CommonTest_bak">
      <![CDATA[java.lang.NoClassDefFoundError: Could not initialize class com.mls.pay.access.common.CommonTest_bak
	at com.mls.pay.access.testcase.NormalOrder_bak.normalorder(NormalOrder_bak.java:61)
	at org.springframework.test.context.testng.AbstractTestNGSpringContextTests.run(AbstractTestNGSpringContextTests.java:158)
	at com.sun.proxy.$Proxy0.invoke(Unknown Source)
... Removed 33 stack frames]]>
    </failure>
  </testcase> <!-- normalorder -->
  <testcase name="normalorder" time="0.0" classname="com.mls.pay.access.testcase.NormalOrder_bak">
    <failure type="java.lang.NoClassDefFoundError" message="Could not initialize class com.mls.pay.access.common.CommonTest_bak">
      <![CDATA[java.lang.NoClassDefFoundError: Could not initialize class com.mls.pay.access.common.CommonTest_bak
	at com.mls.pay.access.testcase.NormalOrder_bak.normalorder(NormalOrder_bak.java:61)
	at org.springframework.test.context.testng.AbstractTestNGSpringContextTests.run(AbstractTestNGSpringContextTests.java:158)
	at com.sun.proxy.$Proxy0.invoke(Unknown Source)
... Removed 33 stack frames]]>
    </failure>
  </testcase> <!-- normalorder -->
  <testcase name="normalorder" time="0.0" classname="com.mls.pay.access.testcase.NormalOrder_bak">
    <failure type="java.lang.NoClassDefFoundError" message="Could not initialize class com.mls.pay.access.common.CommonTest_bak">
      <![CDATA[java.lang.NoClassDefFoundError: Could not initialize class com.mls.pay.access.common.CommonTest_bak
	at com.mls.pay.access.testcase.NormalOrder_bak.normalorder(NormalOrder_bak.java:61)
	at org.springframework.test.context.testng.AbstractTestNGSpringContextTests.run(AbstractTestNGSpringContextTests.java:158)
	at com.sun.proxy.$Proxy0.invoke(Unknown Source)
... Removed 33 stack frames]]>
    </failure>
  </testcase> <!-- normalorder -->
  <testcase name="normalorder" time="0.0" classname="com.mls.pay.access.testcase.NormalOrder_bak">
    <failure type="java.lang.NoClassDefFoundError" message="Could not initialize class com.mls.pay.access.common.CommonTest_bak">
      <![CDATA[java.lang.NoClassDefFoundError: Could not initialize class com.mls.pay.access.common.CommonTest_bak
	at com.mls.pay.access.testcase.NormalOrder_bak.normalorder(NormalOrder_bak.java:61)
	at org.springframework.test.context.testng.AbstractTestNGSpringContextTests.run(AbstractTestNGSpringContextTests.java:158)
	at com.sun.proxy.$Proxy0.invoke(Unknown Source)
... Removed 33 stack frames]]>
    </failure>
  </testcase> <!-- normalorder -->
  <testcase name="normalorder" time="0.0" classname="com.mls.pay.access.testcase.NormalOrder_bak">
    <failure type="java.lang.NoClassDefFoundError" message="Could not initialize class com.mls.pay.access.common.CommonTest_bak">
      <![CDATA[java.lang.NoClassDefFoundError: Could not initialize class com.mls.pay.access.common.CommonTest_bak
	at com.mls.pay.access.testcase.NormalOrder_bak.normalorder(NormalOrder_bak.java:61)
	at org.springframework.test.context.testng.AbstractTestNGSpringContextTests.run(AbstractTestNGSpringContextTests.java:158)
	at com.sun.proxy.$Proxy0.invoke(Unknown Source)
... Removed 33 stack frames]]>
    </failure>
  </testcase> <!-- normalorder -->
</testsuite> <!-- NormalOrder -->
