<?xml version="1.0" encoding="UTF-8"?>
<!-- Generated by org.testng.reporters.JUnitXMLReporter -->
<testsuite hostname="2014-300deMacBook-Pro.local" name="SeveralGoods" tests="22" failures="22" timestamp="18 Sep 2015 12:04:24 GMT" time="0.198" errors="0">
  <testcase name="severalgoods" time="0.0" classname="com.mls.pay.access.testcase.SeveralGoods_bak">
    <failure type="java.lang.NoClassDefFoundError" message="Could not initialize class com.mls.pay.access.common.CommonTest_bak">
      <![CDATA[java.lang.NoClassDefFoundError: Could not initialize class com.mls.pay.access.common.CommonTest_bak
	at com.mls.pay.access.testcase.SeveralGoods_bak.severalgoods(SeveralGoods_bak.java:60)
	at org.springframework.test.context.testng.AbstractTestNGSpringContextTests.run(AbstractTestNGSpringContextTests.java:158)
	at com.sun.proxy.$Proxy0.invoke(Unknown Source)
... Removed 34 stack frames]]>
    </failure>
  </testcase> <!-- severalgoods -->
  <testcase name="severalgoods" time="0.0" classname="com.mls.pay.access.testcase.SeveralGoods_bak">
    <failure type="java.lang.NoClassDefFoundError" message="Could not initialize class com.mls.pay.access.common.CommonTest_bak">
      <![CDATA[java.lang.NoClassDefFoundError: Could not initialize class com.mls.pay.access.common.CommonTest_bak
	at com.mls.pay.access.testcase.SeveralGoods_bak.severalgoods(SeveralGoods_bak.java:60)
	at org.springframework.test.context.testng.AbstractTestNGSpringContextTests.run(AbstractTestNGSpringContextTests.java:158)
	at com.sun.proxy.$Proxy0.invoke(Unknown Source)
... Removed 34 stack frames]]>
    </failure>
  </testcase> <!-- severalgoods -->
  <testcase name="severalgoods" time="0.0" classname="com.mls.pay.access.testcase.SeveralGoods_bak">
    <failure type="java.lang.NoClassDefFoundError" message="Could not initialize class com.mls.pay.access.common.CommonTest_bak">
      <![CDATA[java.lang.NoClassDefFoundError: Could not initialize class com.mls.pay.access.common.CommonTest_bak
	at com.mls.pay.access.testcase.SeveralGoods_bak.severalgoods(SeveralGoods_bak.java:60)
	at org.springframework.test.context.testng.AbstractTestNGSpringContextTests.run(AbstractTestNGSpringContextTests.java:158)
	at com.sun.proxy.$Proxy0.invoke(Unknown Source)
... Removed 34 stack frames]]>
    </failure>
  </testcase> <!-- severalgoods -->
  <testcase name="severalgoods" time="0.0" classname="com.mls.pay.access.testcase.SeveralGoods_bak">
    <failure type="java.lang.NoClassDefFoundError" message="Could not initialize class com.mls.pay.access.common.CommonTest_bak">
      <![CDATA[java.lang.NoClassDefFoundError: Could not initialize class com.mls.pay.access.common.CommonTest_bak
	at com.mls.pay.access.testcase.SeveralGoods_bak.severalgoods(SeveralGoods_bak.java:60)
	at org.springframework.test.context.testng.AbstractTestNGSpringContextTests.run(AbstractTestNGSpringContextTests.java:158)
	at com.sun.proxy.$Proxy0.invoke(Unknown Source)
... Removed 34 stack frames]]>
    </failure>
  </testcase> <!-- severalgoods -->
  <testcase name="severalgoods" time="0.0" classname="com.mls.pay.access.testcase.SeveralGoods_bak">
    <failure type="java.lang.NoClassDefFoundError" message="Could not initialize class com.mls.pay.access.common.CommonTest_bak">
      <![CDATA[java.lang.NoClassDefFoundError: Could not initialize class com.mls.pay.access.common.CommonTest_bak
	at com.mls.pay.access.testcase.SeveralGoods_bak.severalgoods(SeveralGoods_bak.java:60)
	at org.springframework.test.context.testng.AbstractTestNGSpringContextTests.run(AbstractTestNGSpringContextTests.java:158)
	at com.sun.proxy.$Proxy0.invoke(Unknown Source)
... Removed 34 stack frames]]>
    </failure>
  </testcase> <!-- severalgoods -->
  <testcase name="severalgoods" time="0.0" classname="com.mls.pay.access.testcase.SeveralGoods_bak">
    <failure type="java.lang.NoClassDefFoundError" message="Could not initialize class com.mls.pay.access.common.CommonTest_bak">
      <![CDATA[java.lang.NoClassDefFoundError: Could not initialize class com.mls.pay.access.common.CommonTest_bak
	at com.mls.pay.access.testcase.SeveralGoods_bak.severalgoods(SeveralGoods_bak.java:60)
	at org.springframework.test.context.testng.AbstractTestNGSpringContextTests.run(AbstractTestNGSpringContextTests.java:158)
	at com.sun.proxy.$Proxy0.invoke(Unknown Source)
... Removed 34 stack frames]]>
    </failure>
  </testcase> <!-- severalgoods -->
  <testcase name="severalgoods" time="0.0" classname="com.mls.pay.access.testcase.SeveralGoods_bak">
    <failure type="java.lang.NoClassDefFoundError" message="Could not initialize class com.mls.pay.access.common.CommonTest_bak">
      <![CDATA[java.lang.NoClassDefFoundError: Could not initialize class com.mls.pay.access.common.CommonTest_bak
	at com.mls.pay.access.testcase.SeveralGoods_bak.severalgoods(SeveralGoods_bak.java:60)
	at org.springframework.test.context.testng.AbstractTestNGSpringContextTests.run(AbstractTestNGSpringContextTests.java:158)
	at com.sun.proxy.$Proxy0.invoke(Unknown Source)
... Removed 34 stack frames]]>
    </failure>
  </testcase> <!-- severalgoods -->
  <testcase name="severalgoods" time="0.0" classname="com.mls.pay.access.testcase.SeveralGoods_bak">
    <failure type="java.lang.NoClassDefFoundError" message="Could not initialize class com.mls.pay.access.common.CommonTest_bak">
      <![CDATA[java.lang.NoClassDefFoundError: Could not initialize class com.mls.pay.access.common.CommonTest_bak
	at com.mls.pay.access.testcase.SeveralGoods_bak.severalgoods(SeveralGoods_bak.java:60)
	at org.springframework.test.context.testng.AbstractTestNGSpringContextTests.run(AbstractTestNGSpringContextTests.java:158)
	at com.sun.proxy.$Proxy0.invoke(Unknown Source)
... Removed 34 stack frames]]>
    </failure>
  </testcase> <!-- severalgoods -->
  <testcase name="severalgoods" time="0.001" classname="com.mls.pay.access.testcase.SeveralGoods_bak">
    <failure type="java.lang.NoClassDefFoundError" message="Could not initialize class com.mls.pay.access.common.CommonTest_bak">
      <![CDATA[java.lang.NoClassDefFoundError: Could not initialize class com.mls.pay.access.common.CommonTest_bak
	at com.mls.pay.access.testcase.SeveralGoods_bak.severalgoods(SeveralGoods_bak.java:60)
	at org.springframework.test.context.testng.AbstractTestNGSpringContextTests.run(AbstractTestNGSpringContextTests.java:158)
	at com.sun.proxy.$Proxy0.invoke(Unknown Source)
... Removed 34 stack frames]]>
    </failure>
  </testcase> <!-- severalgoods -->
  <testcase name="severalgoods" time="0.0" classname="com.mls.pay.access.testcase.SeveralGoods_bak">
    <failure type="java.lang.NoClassDefFoundError" message="Could not initialize class com.mls.pay.access.common.CommonTest_bak">
      <![CDATA[java.lang.NoClassDefFoundError: Could not initialize class com.mls.pay.access.common.CommonTest_bak
	at com.mls.pay.access.testcase.SeveralGoods_bak.severalgoods(SeveralGoods_bak.java:60)
	at org.springframework.test.context.testng.AbstractTestNGSpringContextTests.run(AbstractTestNGSpringContextTests.java:158)
	at com.sun.proxy.$Proxy0.invoke(Unknown Source)
... Removed 34 stack frames]]>
    </failure>
  </testcase> <!-- severalgoods -->
  <testcase name="severalgoods" time="0.0" classname="com.mls.pay.access.testcase.SeveralGoods_bak">
    <failure type="java.lang.NoClassDefFoundError" message="Could not initialize class com.mls.pay.access.common.CommonTest_bak">
      <![CDATA[java.lang.NoClassDefFoundError: Could not initialize class com.mls.pay.access.common.CommonTest_bak
	at com.mls.pay.access.testcase.SeveralGoods_bak.severalgoods(SeveralGoods_bak.java:60)
	at org.springframework.test.context.testng.AbstractTestNGSpringContextTests.run(AbstractTestNGSpringContextTests.java:158)
	at com.sun.proxy.$Proxy0.invoke(Unknown Source)
... Removed 34 stack frames]]>
    </failure>
  </testcase> <!-- severalgoods -->
  <testcase name="severalgoods" time="0.001" classname="com.mls.pay.access.testcase.SeveralGoods_bak">
    <failure type="java.lang.NoClassDefFoundError" message="Could not initialize class com.mls.pay.access.common.CommonTest_bak">
      <![CDATA[java.lang.NoClassDefFoundError: Could not initialize class com.mls.pay.access.common.CommonTest_bak
	at com.mls.pay.access.testcase.SeveralGoods_bak.severalgoods(SeveralGoods_bak.java:60)
	at org.springframework.test.context.testng.AbstractTestNGSpringContextTests.run(AbstractTestNGSpringContextTests.java:158)
	at com.sun.proxy.$Proxy0.invoke(Unknown Source)
... Removed 34 stack frames]]>
    </failure>
  </testcase> <!-- severalgoods -->
  <testcase name="severalgoods" time="0.0" classname="com.mls.pay.access.testcase.SeveralGoods_bak">
    <failure type="java.lang.NoClassDefFoundError" message="Could not initialize class com.mls.pay.access.common.CommonTest_bak">
      <![CDATA[java.lang.NoClassDefFoundError: Could not initialize class com.mls.pay.access.common.CommonTest_bak
	at com.mls.pay.access.testcase.SeveralGoods_bak.severalgoods(SeveralGoods_bak.java:60)
	at org.springframework.test.context.testng.AbstractTestNGSpringContextTests.run(AbstractTestNGSpringContextTests.java:158)
	at com.sun.proxy.$Proxy0.invoke(Unknown Source)
... Removed 34 stack frames]]>
    </failure>
  </testcase> <!-- severalgoods -->
  <testcase name="severalgoods" time="0.0" classname="com.mls.pay.access.testcase.SeveralGoods_bak">
    <failure type="java.lang.NoClassDefFoundError" message="Could not initialize class com.mls.pay.access.common.CommonTest_bak">
      <![CDATA[java.lang.NoClassDefFoundError: Could not initialize class com.mls.pay.access.common.CommonTest_bak
	at com.mls.pay.access.testcase.SeveralGoods_bak.severalgoods(SeveralGoods_bak.java:60)
	at org.springframework.test.context.testng.AbstractTestNGSpringContextTests.run(AbstractTestNGSpringContextTests.java:158)
	at com.sun.proxy.$Proxy0.invoke(Unknown Source)
... Removed 34 stack frames]]>
    </failure>
  </testcase> <!-- severalgoods -->
  <testcase name="severalgoods" time="0.0" classname="com.mls.pay.access.testcase.SeveralGoods_bak">
    <failure type="java.lang.NoClassDefFoundError" message="Could not initialize class com.mls.pay.access.common.CommonTest_bak">
      <![CDATA[java.lang.NoClassDefFoundError: Could not initialize class com.mls.pay.access.common.CommonTest_bak
	at com.mls.pay.access.testcase.SeveralGoods_bak.severalgoods(SeveralGoods_bak.java:60)
	at org.springframework.test.context.testng.AbstractTestNGSpringContextTests.run(AbstractTestNGSpringContextTests.java:158)
	at com.sun.proxy.$Proxy0.invoke(Unknown Source)
... Removed 34 stack frames]]>
    </failure>
  </testcase> <!-- severalgoods -->
  <testcase name="severalgoods" time="0.001" classname="com.mls.pay.access.testcase.SeveralGoods_bak">
    <failure type="java.lang.NoClassDefFoundError" message="Could not initialize class com.mls.pay.access.common.CommonTest_bak">
      <![CDATA[java.lang.NoClassDefFoundError: Could not initialize class com.mls.pay.access.common.CommonTest_bak
	at com.mls.pay.access.testcase.SeveralGoods_bak.severalgoods(SeveralGoods_bak.java:60)
	at org.springframework.test.context.testng.AbstractTestNGSpringContextTests.run(AbstractTestNGSpringContextTests.java:158)
	at com.sun.proxy.$Proxy0.invoke(Unknown Source)
... Removed 34 stack frames]]>
    </failure>
  </testcase> <!-- severalgoods -->
  <testcase name="severalgoods" time="0.0" classname="com.mls.pay.access.testcase.SeveralGoods_bak">
    <failure type="java.lang.NoClassDefFoundError" message="Could not initialize class com.mls.pay.access.common.CommonTest_bak">
      <![CDATA[java.lang.NoClassDefFoundError: Could not initialize class com.mls.pay.access.common.CommonTest_bak
	at com.mls.pay.access.testcase.SeveralGoods_bak.severalgoods(SeveralGoods_bak.java:60)
	at org.springframework.test.context.testng.AbstractTestNGSpringContextTests.run(AbstractTestNGSpringContextTests.java:158)
	at com.sun.proxy.$Proxy0.invoke(Unknown Source)
... Removed 33 stack frames]]>
    </failure>
  </testcase> <!-- severalgoods -->
  <testcase name="severalgoods" time="0.0" classname="com.mls.pay.access.testcase.SeveralGoods_bak">
    <failure type="java.lang.NoClassDefFoundError" message="Could not initialize class com.mls.pay.access.common.CommonTest_bak">
      <![CDATA[java.lang.NoClassDefFoundError: Could not initialize class com.mls.pay.access.common.CommonTest_bak
	at com.mls.pay.access.testcase.SeveralGoods_bak.severalgoods(SeveralGoods_bak.java:60)
	at org.springframework.test.context.testng.AbstractTestNGSpringContextTests.run(AbstractTestNGSpringContextTests.java:158)
	at com.sun.proxy.$Proxy0.invoke(Unknown Source)
... Removed 33 stack frames]]>
    </failure>
  </testcase> <!-- severalgoods -->
  <testcase name="severalgoods" time="0.0" classname="com.mls.pay.access.testcase.SeveralGoods_bak">
    <failure type="java.lang.NoClassDefFoundError" message="Could not initialize class com.mls.pay.access.common.CommonTest_bak">
      <![CDATA[java.lang.NoClassDefFoundError: Could not initialize class com.mls.pay.access.common.CommonTest_bak
	at com.mls.pay.access.testcase.SeveralGoods_bak.severalgoods(SeveralGoods_bak.java:60)
	at org.springframework.test.context.testng.AbstractTestNGSpringContextTests.run(AbstractTestNGSpringContextTests.java:158)
	at com.sun.proxy.$Proxy0.invoke(Unknown Source)
... Removed 33 stack frames]]>
    </failure>
  </testcase> <!-- severalgoods -->
  <testcase name="severalgoods" time="0.0" classname="com.mls.pay.access.testcase.SeveralGoods_bak">
    <failure type="java.lang.NoClassDefFoundError" message="Could not initialize class com.mls.pay.access.common.CommonTest_bak">
      <![CDATA[java.lang.NoClassDefFoundError: Could not initialize class com.mls.pay.access.common.CommonTest_bak
	at com.mls.pay.access.testcase.SeveralGoods_bak.severalgoods(SeveralGoods_bak.java:60)
	at org.springframework.test.context.testng.AbstractTestNGSpringContextTests.run(AbstractTestNGSpringContextTests.java:158)
	at com.sun.proxy.$Proxy0.invoke(Unknown Source)
... Removed 33 stack frames]]>
    </failure>
  </testcase> <!-- severalgoods -->
  <testcase name="severalgoods" time="0.0" classname="com.mls.pay.access.testcase.SeveralGoods_bak">
    <failure type="java.lang.NoClassDefFoundError" message="Could not initialize class com.mls.pay.access.common.CommonTest_bak">
      <![CDATA[java.lang.NoClassDefFoundError: Could not initialize class com.mls.pay.access.common.CommonTest_bak
	at com.mls.pay.access.testcase.SeveralGoods_bak.severalgoods(SeveralGoods_bak.java:60)
	at org.springframework.test.context.testng.AbstractTestNGSpringContextTests.run(AbstractTestNGSpringContextTests.java:158)
	at com.sun.proxy.$Proxy0.invoke(Unknown Source)
... Removed 33 stack frames]]>
    </failure>
  </testcase> <!-- severalgoods -->
  <testcase name="severalgoods" time="0.0" classname="com.mls.pay.access.testcase.SeveralGoods_bak">
    <failure type="java.lang.NoClassDefFoundError" message="Could not initialize class com.mls.pay.access.common.CommonTest_bak">
      <![CDATA[java.lang.NoClassDefFoundError: Could not initialize class com.mls.pay.access.common.CommonTest_bak
	at com.mls.pay.access.testcase.SeveralGoods_bak.severalgoods(SeveralGoods_bak.java:60)
	at org.springframework.test.context.testng.AbstractTestNGSpringContextTests.run(AbstractTestNGSpringContextTests.java:158)
	at com.sun.proxy.$Proxy0.invoke(Unknown Source)
... Removed 33 stack frames]]>
    </failure>
  </testcase> <!-- severalgoods -->
</testsuite> <!-- SeveralGoods -->
